<?xml version="1.0" encoding="UTF-8"?>
<TestRun id="2cedb726-b79b-4097-a1be-86864e46581b" name="Artak@ARTAK-PC 2012-06-03 14:18:06" runUser="Artak-PC\Artak" xmlns="http://microsoft.com/schemas/VisualStudio/TeamTest/2010">
  <TestSettings name="Local" id="06365d4d-a667-4a97-a950-eae68da8409b">
    <Description>These are default test settings for a local test run.</Description>
    <Deployment runDeploymentRoot="Artak_ARTAK-PC 2012-06-03 14_18_06">
      <DeploymentItem filename="C:\Users\Artak\Desktop\complexnetwork\trunk\Complex Network\ResultStorage\bin\Debug\ResultStorage.dll" />
      <DeploymentItem filename="C:\Users\Artak\Desktop\complexnetwork\trunk\Complex Network\RandomGraphLauncher\bin\Debug\Models\WSModel.dll" />
      <DeploymentItem filename="C:\Users\Artak\Desktop\complexnetwork\trunk\Complex Network\RandomGraphLauncher\bin\Debug\Models\ERmodel.dll" />
      <DeploymentItem filename="C:\Users\Artak\Desktop\complexnetwork\trunk\Complex Network\CommonLibrary\bin\Debug\CommonLibrary.dll" />
      <DeploymentItem filename="C:\Users\Artak\Desktop\complexnetwork\trunk\Complex Network\GenericAlgorithms\bin\Debug\GenericAlgorithms.dll" />
      <DeploymentItem filename="C:\Users\Artak\Desktop\complexnetwork\trunk\Complex Network\RandomGraphLauncher\bin\Debug\Models\BAModel.dll" />
      <DeploymentItem filename="C:\Users\Artak\Desktop\complexnetwork\trunk\Complex Network\libs\log4net.dll" />
      <DeploymentItem filename="C:\Users\Artak\Desktop\complexnetwork\trunk\Complex Network\RandomGraphLauncher\bin\Debug\Models\HierarchicModel.dll" />
    </Deployment>
    <Execution>
      <TestTypeSpecific>
        <UnitTestRunConfig testTypeId="13cdc9d9-ddb5-4fa4-a97d-d965ccfc6d4b">
          <AssemblyResolution>
            <TestDirectory useLoadContext="true" />
          </AssemblyResolution>
        </UnitTestRunConfig>
        <WebTestRunConfiguration testTypeId="4e7599fa-5ecb-43e9-a887-cd63cf72d207">
          <Browser name="Internet Explorer 7.0">
            <Headers>
              <Header name="User-Agent" value="Mozilla/4.0 (compatible; MSIE 7.0; Windows NT 5.1)" />
              <Header name="Accept" value="*/*" />
              <Header name="Accept-Language" value="{{$IEAcceptLanguage}}" />
              <Header name="Accept-Encoding" value="GZIP" />
            </Headers>
          </Browser>
        </WebTestRunConfiguration>
      </TestTypeSpecific>
      <AgentRule name="LocalMachineDefaultRole">
      </AgentRule>
    </Execution>
  </TestSettings>
  <Times creation="2012-06-03T14:18:06.1526108+05:00" queuing="2012-06-03T14:18:06.3036195+05:00" start="2012-06-03T14:18:06.3126200+05:00" finish="2012-06-03T14:18:06.6966420+05:00" />
  <ResultSummary outcome="Failed">
    <Counters total="32" executed="32" passed="23" error="0" failed="8" timeout="1" aborted="0" inconclusive="0" passedButRunAborted="0" notRunnable="0" notExecuted="0" disconnected="0" warning="0" completed="0" inProgress="0" pending="0" />
  </ResultSummary>
  <TestDefinitions>
    <UnitTest name="EigenValueTest" storage="c:\users\artak\desktop\complexnetwork\trunk\complex network\modelstests\bin\debug\modelstests.dll" id="3f6ee0d3-3570-2b7e-4bab-37a89495a94e">
      <Execution timeOut="100" id="9c3c0f36-5ab1-4ee2-8837-309884e01b3b" />
      <DeploymentItems>
        <DeploymentItem filename="WSModelTestData//WSInput.txt" />
        <DeploymentItem filename="WSModelTestData//WSOutput.xml" />
      </DeploymentItems>
      <TestMethod codeBase="C:/Users/Artak/Desktop/complexnetwork/trunk/Complex Network/ModelsTests/bin/Debug/ModelsTests.DLL" adapterTypeName="Microsoft.VisualStudio.TestTools.TestTypes.Unit.UnitTestAdapter, Microsoft.VisualStudio.QualityTools.Tips.UnitTest.Adapter, Version=10.0.0.0, Culture=neutral, PublicKeyToken=b03f5f7f11d50a3a" className="ModelsTests.WSModelTest, ModelsTests, Version=1.0.0.0, Culture=neutral, PublicKeyToken=null" name="EigenValueTest" />
    </UnitTest>
    <UnitTest name="BAAveragePathTest" storage="c:\users\artak\desktop\complexnetwork\trunk\complex network\modelstests\bin\debug\modelstests.dll" id="529ca51b-424a-1e19-e041-295f6fe62ce4">
      <Execution timeOut="100000" id="d1c1c445-6518-4ba6-a203-b6681c2344a7" />
      <DeploymentItems>
        <DeploymentItem filename="BAModelTestData//BAInput.txt" />
        <DeploymentItem filename="BAModelTestData//BAOutput.xml" />
      </DeploymentItems>
      <TestMethod codeBase="C:/Users/Artak/Desktop/complexnetwork/trunk/Complex Network/ModelsTests/bin/Debug/ModelsTests.DLL" adapterTypeName="Microsoft.VisualStudio.TestTools.TestTypes.Unit.UnitTestAdapter, Microsoft.VisualStudio.QualityTools.Tips.UnitTest.Adapter, Version=10.0.0.0, Culture=neutral, PublicKeyToken=b03f5f7f11d50a3a" className="ModelsTests.BAModelTest, ModelsTests, Version=1.0.0.0, Culture=neutral, PublicKeyToken=null" name="BAAveragePathTest" />
    </UnitTest>
    <UnitTest name="Cycles4Test" storage="c:\users\artak\desktop\complexnetwork\trunk\complex network\modelstests\bin\debug\modelstests.dll" id="4d5520e0-f64f-3d1c-bed2-44b4d9347d22">
      <Execution timeOut="100" id="118de6e0-2502-4bd0-9375-069b9f6c1263" />
      <DeploymentItems>
        <DeploymentItem filename="WSModelTestData//WSInput.txt" />
        <DeploymentItem filename="WSModelTestData//WSOutput.xml" />
      </DeploymentItems>
      <TestMethod codeBase="C:/Users/Artak/Desktop/complexnetwork/trunk/Complex Network/ModelsTests/bin/Debug/ModelsTests.DLL" adapterTypeName="Microsoft.VisualStudio.TestTools.TestTypes.Unit.UnitTestAdapter, Microsoft.VisualStudio.QualityTools.Tips.UnitTest.Adapter, Version=10.0.0.0, Culture=neutral, PublicKeyToken=b03f5f7f11d50a3a" className="ModelsTests.WSModelTest, ModelsTests, Version=1.0.0.0, Culture=neutral, PublicKeyToken=null" name="Cycles4Test" />
    </UnitTest>
    <UnitTest name="BACycles3Test" storage="c:\users\artak\desktop\complexnetwork\trunk\complex network\modelstests\bin\debug\modelstests.dll" id="9d7ce3ef-7f17-a6cd-3048-24c367acdc29">
      <Execution timeOut="100000" id="491aab0d-9db8-4eba-9317-23021dcba9fb" />
      <DeploymentItems>
        <DeploymentItem filename="BAModelTestData//BAInput.txt" />
        <DeploymentItem filename="BAModelTestData//BAOutput.xml" />
      </DeploymentItems>
      <TestMethod codeBase="C:/Users/Artak/Desktop/complexnetwork/trunk/Complex Network/ModelsTests/bin/Debug/ModelsTests.DLL" adapterTypeName="Microsoft.VisualStudio.TestTools.TestTypes.Unit.UnitTestAdapter, Microsoft.VisualStudio.QualityTools.Tips.UnitTest.Adapter, Version=10.0.0.0, Culture=neutral, PublicKeyToken=b03f5f7f11d50a3a" className="ModelsTests.BAModelTest, ModelsTests, Version=1.0.0.0, Culture=neutral, PublicKeyToken=null" name="BACycles3Test" />
    </UnitTest>
    <UnitTest name="AveragePathTest" storage="c:\users\artak\desktop\complexnetwork\trunk\complex network\modelstests\bin\debug\modelstests.dll" id="10236cba-9b57-dfe0-f372-5bdd2158aba9">
      <Execution timeOut="100" id="ae30b433-cec9-4961-b6c1-f5434ccd02f8" />
      <DeploymentItems>
        <DeploymentItem filename="WSModelTestData//WSInput.txt" />
        <DeploymentItem filename="WSModelTestData//WSOutput.xml" />
      </DeploymentItems>
      <TestMethod codeBase="C:/Users/Artak/Desktop/complexnetwork/trunk/Complex Network/ModelsTests/bin/Debug/ModelsTests.DLL" adapterTypeName="Microsoft.VisualStudio.TestTools.TestTypes.Unit.UnitTestAdapter, Microsoft.VisualStudio.QualityTools.Tips.UnitTest.Adapter, Version=10.0.0.0, Culture=neutral, PublicKeyToken=b03f5f7f11d50a3a" className="ModelsTests.WSModelTest, ModelsTests, Version=1.0.0.0, Culture=neutral, PublicKeyToken=null" name="AveragePathTest" />
    </UnitTest>
    <UnitTest name="ERFullSubGraphTest" storage="c:\users\artak\desktop\complexnetwork\trunk\complex network\modelstests\bin\debug\modelstests.dll" id="769547a9-708d-428b-1b69-59e0a34bd815">
      <Execution timeOut="100000" id="dc9b7b06-a3ed-430e-8109-0f5f3b165d76" />
      <DeploymentItems>
        <DeploymentItem filename="ERModelTestData//ERInput.txt" />
        <DeploymentItem filename="ERModelTestData//EROutput.xml" />
      </DeploymentItems>
      <TestMethod codeBase="C:/Users/Artak/Desktop/complexnetwork/trunk/Complex Network/ModelsTests/bin/Debug/ModelsTests.DLL" adapterTypeName="Microsoft.VisualStudio.TestTools.TestTypes.Unit.UnitTestAdapter, Microsoft.VisualStudio.QualityTools.Tips.UnitTest.Adapter, Version=10.0.0.0, Culture=neutral, PublicKeyToken=b03f5f7f11d50a3a" className="ModelsTests.ERModelTest, ModelsTests, Version=1.0.0.0, Culture=neutral, PublicKeyToken=null" name="ERFullSubGraphTest" />
    </UnitTest>
    <UnitTest name="CyclesTest" storage="c:\users\artak\desktop\complexnetwork\trunk\complex network\modelstests\bin\debug\modelstests.dll" id="95fc77d0-b4fa-d331-f0c6-2df324ff163a">
      <Execution timeOut="100" id="fd34936d-3599-474f-a3ba-162610fced0a" />
      <DeploymentItems>
        <DeploymentItem filename="WSModelTestData//WSInput.txt" />
        <DeploymentItem filename="WSModelTestData//WSOutput.xml" />
      </DeploymentItems>
      <TestMethod codeBase="C:/Users/Artak/Desktop/complexnetwork/trunk/Complex Network/ModelsTests/bin/Debug/ModelsTests.DLL" adapterTypeName="Microsoft.VisualStudio.TestTools.TestTypes.Unit.UnitTestAdapter, Microsoft.VisualStudio.QualityTools.Tips.UnitTest.Adapter, Version=10.0.0.0, Culture=neutral, PublicKeyToken=b03f5f7f11d50a3a" className="ModelsTests.WSModelTest, ModelsTests, Version=1.0.0.0, Culture=neutral, PublicKeyToken=null" name="CyclesTest" />
    </UnitTest>
    <UnitTest name="BACycles4Test" storage="c:\users\artak\desktop\complexnetwork\trunk\complex network\modelstests\bin\debug\modelstests.dll" id="be7bcd70-a5bf-1762-761b-affe1cc141a1">
      <Execution timeOut="100000" id="119b2ac8-d7e8-4d83-9fff-5450e5809c32" />
      <DeploymentItems>
        <DeploymentItem filename="BAModelTestData//BAInput.txt" />
        <DeploymentItem filename="BAModelTestData//BAOutput.xml" />
      </DeploymentItems>
      <TestMethod codeBase="C:/Users/Artak/Desktop/complexnetwork/trunk/Complex Network/ModelsTests/bin/Debug/ModelsTests.DLL" adapterTypeName="Microsoft.VisualStudio.TestTools.TestTypes.Unit.UnitTestAdapter, Microsoft.VisualStudio.QualityTools.Tips.UnitTest.Adapter, Version=10.0.0.0, Culture=neutral, PublicKeyToken=b03f5f7f11d50a3a" className="ModelsTests.BAModelTest, ModelsTests, Version=1.0.0.0, Culture=neutral, PublicKeyToken=null" name="BACycles4Test" />
    </UnitTest>
    <UnitTest name="BAFullSubGraphTest" storage="c:\users\artak\desktop\complexnetwork\trunk\complex network\modelstests\bin\debug\modelstests.dll" id="78ca188d-ecbf-30aa-4302-e4849a978d18">
      <Execution timeOut="100000" id="5dc75b99-2a9f-4178-8e73-dd5fd506a096" />
      <DeploymentItems>
        <DeploymentItem filename="BAModelTestData//BAInput.txt" />
        <DeploymentItem filename="BAModelTestData//BAOutput.xml" />
      </DeploymentItems>
      <TestMethod codeBase="C:/Users/Artak/Desktop/complexnetwork/trunk/Complex Network/ModelsTests/bin/Debug/ModelsTests.DLL" adapterTypeName="Microsoft.VisualStudio.TestTools.TestTypes.Unit.UnitTestAdapter, Microsoft.VisualStudio.QualityTools.Tips.UnitTest.Adapter, Version=10.0.0.0, Culture=neutral, PublicKeyToken=b03f5f7f11d50a3a" className="ModelsTests.BAModelTest, ModelsTests, Version=1.0.0.0, Culture=neutral, PublicKeyToken=null" name="BAFullSubGraphTest" />
    </UnitTest>
    <UnitTest name="ClusteringCoefficientTest" storage="c:\users\artak\desktop\complexnetwork\trunk\complex network\modelstests\bin\debug\modelstests.dll" id="aa3a78ac-0648-f256-c670-e431f6385b6f">
      <Execution timeOut="100" id="2d038a3d-0fa6-4432-8044-6fc2cc1eb2e6" />
      <DeploymentItems>
        <DeploymentItem filename="WSModelTestData//WSInput.txt" />
        <DeploymentItem filename="WSModelTestData//WSOutput.xml" />
      </DeploymentItems>
      <TestMethod codeBase="C:/Users/Artak/Desktop/complexnetwork/trunk/Complex Network/ModelsTests/bin/Debug/ModelsTests.DLL" adapterTypeName="Microsoft.VisualStudio.TestTools.TestTypes.Unit.UnitTestAdapter, Microsoft.VisualStudio.QualityTools.Tips.UnitTest.Adapter, Version=10.0.0.0, Culture=neutral, PublicKeyToken=b03f5f7f11d50a3a" className="ModelsTests.WSModelTest, ModelsTests, Version=1.0.0.0, Culture=neutral, PublicKeyToken=null" name="ClusteringCoefficientTest" />
    </UnitTest>
    <UnitTest name="BADistEigenPathTest" storage="c:\users\artak\desktop\complexnetwork\trunk\complex network\modelstests\bin\debug\modelstests.dll" id="36cc869a-4de0-8973-837e-295f29c8dc78">
      <Execution timeOut="100000" id="bcaf4d43-b336-48fe-8b9f-1573b0f99572" />
      <DeploymentItems>
        <DeploymentItem filename="BAModelTestData//BAInput.txt" />
        <DeploymentItem filename="BAModelTestData//BAOutput.xml" />
      </DeploymentItems>
      <TestMethod codeBase="C:/Users/Artak/Desktop/complexnetwork/trunk/Complex Network/ModelsTests/bin/Debug/ModelsTests.DLL" adapterTypeName="Microsoft.VisualStudio.TestTools.TestTypes.Unit.UnitTestAdapter, Microsoft.VisualStudio.QualityTools.Tips.UnitTest.Adapter, Version=10.0.0.0, Culture=neutral, PublicKeyToken=b03f5f7f11d50a3a" className="ModelsTests.BAModelTest, ModelsTests, Version=1.0.0.0, Culture=neutral, PublicKeyToken=null" name="BADistEigenPathTest" />
    </UnitTest>
    <UnitTest name="MinPathDistTest" storage="c:\users\artak\desktop\complexnetwork\trunk\complex network\modelstests\bin\debug\modelstests.dll" id="895a8e04-2717-39d0-137f-e866ab032d58">
      <Execution timeOut="100" id="a3dbe189-ed13-4658-8625-9290b168345e" />
      <DeploymentItems>
        <DeploymentItem filename="WSModelTestData//WSInput.txt" />
        <DeploymentItem filename="WSModelTestData//WSOutput.xml" />
      </DeploymentItems>
      <TestMethod codeBase="C:/Users/Artak/Desktop/complexnetwork/trunk/Complex Network/ModelsTests/bin/Debug/ModelsTests.DLL" adapterTypeName="Microsoft.VisualStudio.TestTools.TestTypes.Unit.UnitTestAdapter, Microsoft.VisualStudio.QualityTools.Tips.UnitTest.Adapter, Version=10.0.0.0, Culture=neutral, PublicKeyToken=b03f5f7f11d50a3a" className="ModelsTests.WSModelTest, ModelsTests, Version=1.0.0.0, Culture=neutral, PublicKeyToken=null" name="MinPathDistTest" />
    </UnitTest>
    <UnitTest name="BAMotivesTest" storage="c:\users\artak\desktop\complexnetwork\trunk\complex network\modelstests\bin\debug\modelstests.dll" id="ec1ad126-00b5-99f5-d9cf-d01acf6f658d">
      <Execution timeOut="100000" id="d1240ef6-d1e2-4b9e-b910-7e3a7ce47f68" />
      <DeploymentItems>
        <DeploymentItem filename="BAModelTestData//BAInput.txt" />
        <DeploymentItem filename="BAModelTestData//BAOutput.xml" />
      </DeploymentItems>
      <TestMethod codeBase="C:/Users/Artak/Desktop/complexnetwork/trunk/Complex Network/ModelsTests/bin/Debug/ModelsTests.DLL" adapterTypeName="Microsoft.VisualStudio.TestTools.TestTypes.Unit.UnitTestAdapter, Microsoft.VisualStudio.QualityTools.Tips.UnitTest.Adapter, Version=10.0.0.0, Culture=neutral, PublicKeyToken=b03f5f7f11d50a3a" className="ModelsTests.BAModelTest, ModelsTests, Version=1.0.0.0, Culture=neutral, PublicKeyToken=null" name="BAMotivesTest" />
    </UnitTest>
    <UnitTest name="BADegreeDistributionTest" storage="c:\users\artak\desktop\complexnetwork\trunk\complex network\modelstests\bin\debug\modelstests.dll" id="de3eba91-9142-ae92-71e7-a0b12b643760">
      <Execution timeOut="100000" id="5cadcb80-3d2e-4eb6-92e3-c71c374f95e6" />
      <DeploymentItems>
        <DeploymentItem filename="BAModelTestData//BAInput.txt" />
        <DeploymentItem filename="BAModelTestData//BAOutput.xml" />
      </DeploymentItems>
      <TestMethod codeBase="C:/Users/Artak/Desktop/complexnetwork/trunk/Complex Network/ModelsTests/bin/Debug/ModelsTests.DLL" adapterTypeName="Microsoft.VisualStudio.TestTools.TestTypes.Unit.UnitTestAdapter, Microsoft.VisualStudio.QualityTools.Tips.UnitTest.Adapter, Version=10.0.0.0, Culture=neutral, PublicKeyToken=b03f5f7f11d50a3a" className="ModelsTests.BAModelTest, ModelsTests, Version=1.0.0.0, Culture=neutral, PublicKeyToken=null" name="BADegreeDistributionTest" />
    </UnitTest>
    <UnitTest name="BAEigenValueTest" storage="c:\users\artak\desktop\complexnetwork\trunk\complex network\modelstests\bin\debug\modelstests.dll" id="8afb1dd9-d132-f512-1490-26f7fc0202e0">
      <Execution timeOut="100000" id="83e5f82c-2541-47c6-bd11-35a0c533c588" />
      <DeploymentItems>
        <DeploymentItem filename="BAModelTestData//BAInput.txt" />
        <DeploymentItem filename="BAModelTestData//BAOutput.xml" />
      </DeploymentItems>
      <TestMethod codeBase="C:/Users/Artak/Desktop/complexnetwork/trunk/Complex Network/ModelsTests/bin/Debug/ModelsTests.DLL" adapterTypeName="Microsoft.VisualStudio.TestTools.TestTypes.Unit.UnitTestAdapter, Microsoft.VisualStudio.QualityTools.Tips.UnitTest.Adapter, Version=10.0.0.0, Culture=neutral, PublicKeyToken=b03f5f7f11d50a3a" className="ModelsTests.BAModelTest, ModelsTests, Version=1.0.0.0, Culture=neutral, PublicKeyToken=null" name="BAEigenValueTest" />
    </UnitTest>
    <UnitTest name="ERDegreeDistributionTest" storage="c:\users\artak\desktop\complexnetwork\trunk\complex network\modelstests\bin\debug\modelstests.dll" id="bc7c2973-70c2-7d8e-2a94-e3623ae0f217">
      <Execution timeOut="100000" id="facfc8e7-2624-495a-aa35-df08cc7ad4ca" />
      <DeploymentItems>
        <DeploymentItem filename="ERModelTestData//EROutput.xml" />
        <DeploymentItem filename="ERModelTestData//ERInput.txt" />
      </DeploymentItems>
      <TestMethod codeBase="C:/Users/Artak/Desktop/complexnetwork/trunk/Complex Network/ModelsTests/bin/Debug/ModelsTests.DLL" adapterTypeName="Microsoft.VisualStudio.TestTools.TestTypes.Unit.UnitTestAdapter, Microsoft.VisualStudio.QualityTools.Tips.UnitTest.Adapter, Version=10.0.0.0, Culture=neutral, PublicKeyToken=b03f5f7f11d50a3a" className="ModelsTests.ERModelTest, ModelsTests, Version=1.0.0.0, Culture=neutral, PublicKeyToken=null" name="ERDegreeDistributionTest" />
    </UnitTest>
    <UnitTest name="ERMinPathDistTest" storage="c:\users\artak\desktop\complexnetwork\trunk\complex network\modelstests\bin\debug\modelstests.dll" id="241c850e-1767-20c7-3823-7cdb3a877002">
      <Execution timeOut="100000" id="b17b9c6f-4825-4925-92de-332a3a6d4fac" />
      <DeploymentItems>
        <DeploymentItem filename="ERModelTestData//ERInput.txt" />
        <DeploymentItem filename="ERModelTestData//EROutput.xml" />
      </DeploymentItems>
      <TestMethod codeBase="C:/Users/Artak/Desktop/complexnetwork/trunk/Complex Network/ModelsTests/bin/Debug/ModelsTests.DLL" adapterTypeName="Microsoft.VisualStudio.TestTools.TestTypes.Unit.UnitTestAdapter, Microsoft.VisualStudio.QualityTools.Tips.UnitTest.Adapter, Version=10.0.0.0, Culture=neutral, PublicKeyToken=b03f5f7f11d50a3a" className="ModelsTests.ERModelTest, ModelsTests, Version=1.0.0.0, Culture=neutral, PublicKeyToken=null" name="ERMinPathDistTest" />
    </UnitTest>
    <UnitTest name="BAMinPathDistTest" storage="c:\users\artak\desktop\complexnetwork\trunk\complex network\modelstests\bin\debug\modelstests.dll" id="4f18a51e-7135-51c7-cdfd-e029c9ebd5a5">
      <Execution timeOut="100000" id="8f69374f-49da-4064-956c-99cd495a1631" />
      <DeploymentItems>
        <DeploymentItem filename="BAModelTestData//BAInput.txt" />
        <DeploymentItem filename="BAModelTestData//BAOutput.xml" />
      </DeploymentItems>
      <TestMethod codeBase="C:/Users/Artak/Desktop/complexnetwork/trunk/Complex Network/ModelsTests/bin/Debug/ModelsTests.DLL" adapterTypeName="Microsoft.VisualStudio.TestTools.TestTypes.Unit.UnitTestAdapter, Microsoft.VisualStudio.QualityTools.Tips.UnitTest.Adapter, Version=10.0.0.0, Culture=neutral, PublicKeyToken=b03f5f7f11d50a3a" className="ModelsTests.BAModelTest, ModelsTests, Version=1.0.0.0, Culture=neutral, PublicKeyToken=null" name="BAMinPathDistTest" />
    </UnitTest>
    <UnitTest name="ERClusteringCoefficientTest" storage="c:\users\artak\desktop\complexnetwork\trunk\complex network\modelstests\bin\debug\modelstests.dll" id="b3187619-d33c-cf03-a63b-f80f761ae2cc">
      <Execution timeOut="100000" id="4d332df9-cdac-4a02-adc1-cd9c74202aa8" />
      <DeploymentItems>
        <DeploymentItem filename="ERModelTestData//ERInput.txt" />
        <DeploymentItem filename="ERModelTestData//EROutput.xml" />
      </DeploymentItems>
      <TestMethod codeBase="C:/Users/Artak/Desktop/complexnetwork/trunk/Complex Network/ModelsTests/bin/Debug/ModelsTests.DLL" adapterTypeName="Microsoft.VisualStudio.TestTools.TestTypes.Unit.UnitTestAdapter, Microsoft.VisualStudio.QualityTools.Tips.UnitTest.Adapter, Version=10.0.0.0, Culture=neutral, PublicKeyToken=b03f5f7f11d50a3a" className="ModelsTests.ERModelTest, ModelsTests, Version=1.0.0.0, Culture=neutral, PublicKeyToken=null" name="ERClusteringCoefficientTest" />
    </UnitTest>
    <UnitTest name="FullSubGraphTest" storage="c:\users\artak\desktop\complexnetwork\trunk\complex network\modelstests\bin\debug\modelstests.dll" id="279e726c-ee8d-0c66-4427-5552d22e7a5f">
      <Execution timeOut="100" id="0440e2d4-04ad-4b27-964c-7c3e52ef653c" />
      <DeploymentItems>
        <DeploymentItem filename="WSModelTestData//WSInput.txt" />
        <DeploymentItem filename="WSModelTestData//WSOutput.xml" />
      </DeploymentItems>
      <TestMethod codeBase="C:/Users/Artak/Desktop/complexnetwork/trunk/Complex Network/ModelsTests/bin/Debug/ModelsTests.DLL" adapterTypeName="Microsoft.VisualStudio.TestTools.TestTypes.Unit.UnitTestAdapter, Microsoft.VisualStudio.QualityTools.Tips.UnitTest.Adapter, Version=10.0.0.0, Culture=neutral, PublicKeyToken=b03f5f7f11d50a3a" className="ModelsTests.WSModelTest, ModelsTests, Version=1.0.0.0, Culture=neutral, PublicKeyToken=null" name="FullSubGraphTest" />
    </UnitTest>
    <UnitTest name="BADiameterTest" storage="c:\users\artak\desktop\complexnetwork\trunk\complex network\modelstests\bin\debug\modelstests.dll" id="e836ab81-dd67-5300-249c-d7748cc04eb3">
      <Execution timeOut="100000" id="d303d0f4-21bf-44db-9e65-776ebe9f23b0" />
      <DeploymentItems>
        <DeploymentItem filename="BAModelTestData//BAInput.txt" />
        <DeploymentItem filename="BAModelTestData//BAOutput.xml" />
      </DeploymentItems>
      <TestMethod codeBase="C:/Users/Artak/Desktop/complexnetwork/trunk/Complex Network/ModelsTests/bin/Debug/ModelsTests.DLL" adapterTypeName="Microsoft.VisualStudio.TestTools.TestTypes.Unit.UnitTestAdapter, Microsoft.VisualStudio.QualityTools.Tips.UnitTest.Adapter, Version=10.0.0.0, Culture=neutral, PublicKeyToken=b03f5f7f11d50a3a" className="ModelsTests.BAModelTest, ModelsTests, Version=1.0.0.0, Culture=neutral, PublicKeyToken=null" name="BADiameterTest" />
    </UnitTest>
    <UnitTest name="ERCyclesTest" storage="c:\users\artak\desktop\complexnetwork\trunk\complex network\modelstests\bin\debug\modelstests.dll" id="490b5308-3b85-07ed-c42b-c14e2d465265">
      <Execution timeOut="100000" id="fc1b3738-fbde-4752-840c-63776fd0e236" />
      <DeploymentItems>
        <DeploymentItem filename="ERModelTestData//ERInput.txt" />
        <DeploymentItem filename="ERModelTestData//EROutput.xml" />
      </DeploymentItems>
      <TestMethod codeBase="C:/Users/Artak/Desktop/complexnetwork/trunk/Complex Network/ModelsTests/bin/Debug/ModelsTests.DLL" adapterTypeName="Microsoft.VisualStudio.TestTools.TestTypes.Unit.UnitTestAdapter, Microsoft.VisualStudio.QualityTools.Tips.UnitTest.Adapter, Version=10.0.0.0, Culture=neutral, PublicKeyToken=b03f5f7f11d50a3a" className="ModelsTests.ERModelTest, ModelsTests, Version=1.0.0.0, Culture=neutral, PublicKeyToken=null" name="ERCyclesTest" />
    </UnitTest>
    <UnitTest name="Cycles3Test" storage="c:\users\artak\desktop\complexnetwork\trunk\complex network\modelstests\bin\debug\modelstests.dll" id="09e4d43b-2f83-86ac-6f1b-70381c9c9a71">
      <Execution timeOut="100" id="11d9b93c-b072-4901-8fa2-687d06c5e9a9" />
      <DeploymentItems>
        <DeploymentItem filename="WSModelTestData//WSInput.txt" />
        <DeploymentItem filename="WSModelTestData//WSOutput.xml" />
      </DeploymentItems>
      <TestMethod codeBase="C:/Users/Artak/Desktop/complexnetwork/trunk/Complex Network/ModelsTests/bin/Debug/ModelsTests.DLL" adapterTypeName="Microsoft.VisualStudio.TestTools.TestTypes.Unit.UnitTestAdapter, Microsoft.VisualStudio.QualityTools.Tips.UnitTest.Adapter, Version=10.0.0.0, Culture=neutral, PublicKeyToken=b03f5f7f11d50a3a" className="ModelsTests.WSModelTest, ModelsTests, Version=1.0.0.0, Culture=neutral, PublicKeyToken=null" name="Cycles3Test" />
    </UnitTest>
    <UnitTest name="EREigenValueTest" storage="c:\users\artak\desktop\complexnetwork\trunk\complex network\modelstests\bin\debug\modelstests.dll" id="da08eff5-3c25-929c-4b85-c7f90857ef0a">
      <Execution timeOut="100000" id="1504aac7-3e22-4447-9777-be67f6c9313f" />
      <DeploymentItems>
        <DeploymentItem filename="ERModelTestData//ERInput.txt" />
        <DeploymentItem filename="ERModelTestData//EROutput.xml" />
      </DeploymentItems>
      <TestMethod codeBase="C:/Users/Artak/Desktop/complexnetwork/trunk/Complex Network/ModelsTests/bin/Debug/ModelsTests.DLL" adapterTypeName="Microsoft.VisualStudio.TestTools.TestTypes.Unit.UnitTestAdapter, Microsoft.VisualStudio.QualityTools.Tips.UnitTest.Adapter, Version=10.0.0.0, Culture=neutral, PublicKeyToken=b03f5f7f11d50a3a" className="ModelsTests.ERModelTest, ModelsTests, Version=1.0.0.0, Culture=neutral, PublicKeyToken=null" name="EREigenValueTest" />
    </UnitTest>
    <UnitTest name="ERAveragePathTest" storage="c:\users\artak\desktop\complexnetwork\trunk\complex network\modelstests\bin\debug\modelstests.dll" id="8c043ffa-8e32-7c78-0198-205244a44069">
      <Execution timeOut="100000" id="187a4635-bcdb-4f30-9eb3-ce66975b485b" />
      <DeploymentItems>
        <DeploymentItem filename="ERModelTestData//EROutput.xml" />
        <DeploymentItem filename="ERModelTestData//ERInput.txt" />
      </DeploymentItems>
      <TestMethod codeBase="C:/Users/Artak/Desktop/complexnetwork/trunk/Complex Network/ModelsTests/bin/Debug/ModelsTests.DLL" adapterTypeName="Microsoft.VisualStudio.TestTools.TestTypes.Unit.UnitTestAdapter, Microsoft.VisualStudio.QualityTools.Tips.UnitTest.Adapter, Version=10.0.0.0, Culture=neutral, PublicKeyToken=b03f5f7f11d50a3a" className="ModelsTests.ERModelTest, ModelsTests, Version=1.0.0.0, Culture=neutral, PublicKeyToken=null" name="ERAveragePathTest" />
    </UnitTest>
    <UnitTest name="ERDistEigenPathTest" storage="c:\users\artak\desktop\complexnetwork\trunk\complex network\modelstests\bin\debug\modelstests.dll" id="9be689a9-7c18-e9b4-6583-fd2d175e0827">
      <Execution timeOut="100000" id="ad891c40-98a2-4333-bb8f-30c85bee7c29" />
      <DeploymentItems>
        <DeploymentItem filename="ERModelTestData//ERInput.txt" />
        <DeploymentItem filename="ERModelTestData//EROutput.xml" />
      </DeploymentItems>
      <TestMethod codeBase="C:/Users/Artak/Desktop/complexnetwork/trunk/Complex Network/ModelsTests/bin/Debug/ModelsTests.DLL" adapterTypeName="Microsoft.VisualStudio.TestTools.TestTypes.Unit.UnitTestAdapter, Microsoft.VisualStudio.QualityTools.Tips.UnitTest.Adapter, Version=10.0.0.0, Culture=neutral, PublicKeyToken=b03f5f7f11d50a3a" className="ModelsTests.ERModelTest, ModelsTests, Version=1.0.0.0, Culture=neutral, PublicKeyToken=null" name="ERDistEigenPathTest" />
    </UnitTest>
    <UnitTest name="ERCycles4Test" storage="c:\users\artak\desktop\complexnetwork\trunk\complex network\modelstests\bin\debug\modelstests.dll" id="4786793d-692a-fc8b-6e30-86a5570e82b7">
      <Execution timeOut="100000" id="8926ee91-9fe4-437f-a181-9c7d1ddee10b" />
      <DeploymentItems>
        <DeploymentItem filename="ERModelTestData//ERInput.txt" />
        <DeploymentItem filename="ERModelTestData//EROutput.xml" />
      </DeploymentItems>
      <TestMethod codeBase="C:/Users/Artak/Desktop/complexnetwork/trunk/Complex Network/ModelsTests/bin/Debug/ModelsTests.DLL" adapterTypeName="Microsoft.VisualStudio.TestTools.TestTypes.Unit.UnitTestAdapter, Microsoft.VisualStudio.QualityTools.Tips.UnitTest.Adapter, Version=10.0.0.0, Culture=neutral, PublicKeyToken=b03f5f7f11d50a3a" className="ModelsTests.ERModelTest, ModelsTests, Version=1.0.0.0, Culture=neutral, PublicKeyToken=null" name="ERCycles4Test" />
    </UnitTest>
    <UnitTest name="ERCycles3Test" storage="c:\users\artak\desktop\complexnetwork\trunk\complex network\modelstests\bin\debug\modelstests.dll" id="3f376ebd-9216-9dd2-7561-8164ec7518ba">
      <Execution timeOut="100000" id="2871631c-987f-4546-9b72-84d9075105a9" />
      <DeploymentItems>
        <DeploymentItem filename="ERModelTestData//EROutput.xml" />
        <DeploymentItem filename="ERModelTestData//ERInput.txt" />
      </DeploymentItems>
      <TestMethod codeBase="C:/Users/Artak/Desktop/complexnetwork/trunk/Complex Network/ModelsTests/bin/Debug/ModelsTests.DLL" adapterTypeName="Microsoft.VisualStudio.TestTools.TestTypes.Unit.UnitTestAdapter, Microsoft.VisualStudio.QualityTools.Tips.UnitTest.Adapter, Version=10.0.0.0, Culture=neutral, PublicKeyToken=b03f5f7f11d50a3a" className="ModelsTests.ERModelTest, ModelsTests, Version=1.0.0.0, Culture=neutral, PublicKeyToken=null" name="ERCycles3Test" />
    </UnitTest>
    <UnitTest name="DegreeDistributionTest" storage="c:\users\artak\desktop\complexnetwork\trunk\complex network\modelstests\bin\debug\modelstests.dll" id="f1a0d255-0c61-cfee-ec58-91993a16ce5b">
      <Execution timeOut="100" id="502adab6-5c3b-467a-aab9-2a93ed502af6" />
      <DeploymentItems>
        <DeploymentItem filename="WSModelTestData//WSInput.txt" />
        <DeploymentItem filename="WSModelTestData//WSOutput.xml" />
      </DeploymentItems>
      <TestMethod codeBase="C:/Users/Artak/Desktop/complexnetwork/trunk/Complex Network/ModelsTests/bin/Debug/ModelsTests.DLL" adapterTypeName="Microsoft.VisualStudio.TestTools.TestTypes.Unit.UnitTestAdapter, Microsoft.VisualStudio.QualityTools.Tips.UnitTest.Adapter, Version=10.0.0.0, Culture=neutral, PublicKeyToken=b03f5f7f11d50a3a" className="ModelsTests.WSModelTest, ModelsTests, Version=1.0.0.0, Culture=neutral, PublicKeyToken=null" name="DegreeDistributionTest" />
    </UnitTest>
    <UnitTest name="BAClusteringCoefficientTest" storage="c:\users\artak\desktop\complexnetwork\trunk\complex network\modelstests\bin\debug\modelstests.dll" id="c56016bf-aecb-c4e5-dff8-64ee84a7a2fc">
      <Execution timeOut="100000" id="bfa0668f-2407-4fb7-846b-1f28992e70c4" />
      <DeploymentItems>
        <DeploymentItem filename="BAModelTestData//BAInput.txt" />
        <DeploymentItem filename="BAModelTestData//BAOutput.xml" />
      </DeploymentItems>
      <TestMethod codeBase="C:/Users/Artak/Desktop/complexnetwork/trunk/Complex Network/ModelsTests/bin/Debug/ModelsTests.DLL" adapterTypeName="Microsoft.VisualStudio.TestTools.TestTypes.Unit.UnitTestAdapter, Microsoft.VisualStudio.QualityTools.Tips.UnitTest.Adapter, Version=10.0.0.0, Culture=neutral, PublicKeyToken=b03f5f7f11d50a3a" className="ModelsTests.BAModelTest, ModelsTests, Version=1.0.0.0, Culture=neutral, PublicKeyToken=null" name="BAClusteringCoefficientTest" />
    </UnitTest>
    <UnitTest name="BACyclesTest" storage="c:\users\artak\desktop\complexnetwork\trunk\complex network\modelstests\bin\debug\modelstests.dll" id="1d3d5e79-fa88-2af3-4d68-29ce0a970817">
      <Execution timeOut="100000" id="31d0df05-1d73-4b7f-b1a1-74e42961e9a9" />
      <DeploymentItems>
        <DeploymentItem filename="BAModelTestData//BAInput.txt" />
        <DeploymentItem filename="BAModelTestData//BAOutput.xml" />
      </DeploymentItems>
      <TestMethod codeBase="C:/Users/Artak/Desktop/complexnetwork/trunk/Complex Network/ModelsTests/bin/Debug/ModelsTests.DLL" adapterTypeName="Microsoft.VisualStudio.TestTools.TestTypes.Unit.UnitTestAdapter, Microsoft.VisualStudio.QualityTools.Tips.UnitTest.Adapter, Version=10.0.0.0, Culture=neutral, PublicKeyToken=b03f5f7f11d50a3a" className="ModelsTests.BAModelTest, ModelsTests, Version=1.0.0.0, Culture=neutral, PublicKeyToken=null" name="BACyclesTest" />
    </UnitTest>
    <UnitTest name="DistEigenPathTest" storage="c:\users\artak\desktop\complexnetwork\trunk\complex network\modelstests\bin\debug\modelstests.dll" id="b4a11777-b4fb-ab62-177f-71796b5cfcb5">
      <Execution timeOut="100" id="f235f2a4-d38a-4861-92e4-43348645c111" />
      <DeploymentItems>
        <DeploymentItem filename="WSModelTestData//WSInput.txt" />
        <DeploymentItem filename="WSModelTestData//WSOutput.xml" />
      </DeploymentItems>
      <TestMethod codeBase="C:/Users/Artak/Desktop/complexnetwork/trunk/Complex Network/ModelsTests/bin/Debug/ModelsTests.DLL" adapterTypeName="Microsoft.VisualStudio.TestTools.TestTypes.Unit.UnitTestAdapter, Microsoft.VisualStudio.QualityTools.Tips.UnitTest.Adapter, Version=10.0.0.0, Culture=neutral, PublicKeyToken=b03f5f7f11d50a3a" className="ModelsTests.WSModelTest, ModelsTests, Version=1.0.0.0, Culture=neutral, PublicKeyToken=null" name="DistEigenPathTest" />
    </UnitTest>
  </TestDefinitions>
  <TestLists>
    <TestList name="Results Not in a List" id="8c84fa94-04c1-424b-9868-57a2d4851a1d" />
    <TestList name="All Loaded Results" id="19431567-8539-422a-85d7-44ee4e166bda" />
  </TestLists>
  <TestEntries>
    <TestEntry testId="09e4d43b-2f83-86ac-6f1b-70381c9c9a71" executionId="11d9b93c-b072-4901-8fa2-687d06c5e9a9" testListId="8c84fa94-04c1-424b-9868-57a2d4851a1d" />
    <TestEntry testId="10236cba-9b57-dfe0-f372-5bdd2158aba9" executionId="ae30b433-cec9-4961-b6c1-f5434ccd02f8" testListId="8c84fa94-04c1-424b-9868-57a2d4851a1d" />
    <TestEntry testId="1d3d5e79-fa88-2af3-4d68-29ce0a970817" executionId="31d0df05-1d73-4b7f-b1a1-74e42961e9a9" testListId="8c84fa94-04c1-424b-9868-57a2d4851a1d" />
    <TestEntry testId="241c850e-1767-20c7-3823-7cdb3a877002" executionId="b17b9c6f-4825-4925-92de-332a3a6d4fac" testListId="8c84fa94-04c1-424b-9868-57a2d4851a1d" />
    <TestEntry testId="279e726c-ee8d-0c66-4427-5552d22e7a5f" executionId="0440e2d4-04ad-4b27-964c-7c3e52ef653c" testListId="8c84fa94-04c1-424b-9868-57a2d4851a1d" />
    <TestEntry testId="36cc869a-4de0-8973-837e-295f29c8dc78" executionId="bcaf4d43-b336-48fe-8b9f-1573b0f99572" testListId="8c84fa94-04c1-424b-9868-57a2d4851a1d" />
    <TestEntry testId="3f376ebd-9216-9dd2-7561-8164ec7518ba" executionId="2871631c-987f-4546-9b72-84d9075105a9" testListId="8c84fa94-04c1-424b-9868-57a2d4851a1d" />
    <TestEntry testId="3f6ee0d3-3570-2b7e-4bab-37a89495a94e" executionId="9c3c0f36-5ab1-4ee2-8837-309884e01b3b" testListId="8c84fa94-04c1-424b-9868-57a2d4851a1d" />
    <TestEntry testId="4786793d-692a-fc8b-6e30-86a5570e82b7" executionId="8926ee91-9fe4-437f-a181-9c7d1ddee10b" testListId="8c84fa94-04c1-424b-9868-57a2d4851a1d" />
    <TestEntry testId="490b5308-3b85-07ed-c42b-c14e2d465265" executionId="fc1b3738-fbde-4752-840c-63776fd0e236" testListId="8c84fa94-04c1-424b-9868-57a2d4851a1d" />
    <TestEntry testId="4d5520e0-f64f-3d1c-bed2-44b4d9347d22" executionId="118de6e0-2502-4bd0-9375-069b9f6c1263" testListId="8c84fa94-04c1-424b-9868-57a2d4851a1d" />
    <TestEntry testId="4f18a51e-7135-51c7-cdfd-e029c9ebd5a5" executionId="8f69374f-49da-4064-956c-99cd495a1631" testListId="8c84fa94-04c1-424b-9868-57a2d4851a1d" />
    <TestEntry testId="529ca51b-424a-1e19-e041-295f6fe62ce4" executionId="d1c1c445-6518-4ba6-a203-b6681c2344a7" testListId="8c84fa94-04c1-424b-9868-57a2d4851a1d" />
    <TestEntry testId="769547a9-708d-428b-1b69-59e0a34bd815" executionId="dc9b7b06-a3ed-430e-8109-0f5f3b165d76" testListId="8c84fa94-04c1-424b-9868-57a2d4851a1d" />
    <TestEntry testId="78ca188d-ecbf-30aa-4302-e4849a978d18" executionId="5dc75b99-2a9f-4178-8e73-dd5fd506a096" testListId="8c84fa94-04c1-424b-9868-57a2d4851a1d" />
    <TestEntry testId="895a8e04-2717-39d0-137f-e866ab032d58" executionId="a3dbe189-ed13-4658-8625-9290b168345e" testListId="8c84fa94-04c1-424b-9868-57a2d4851a1d" />
    <TestEntry testId="8afb1dd9-d132-f512-1490-26f7fc0202e0" executionId="83e5f82c-2541-47c6-bd11-35a0c533c588" testListId="8c84fa94-04c1-424b-9868-57a2d4851a1d" />
    <TestEntry testId="8c043ffa-8e32-7c78-0198-205244a44069" executionId="187a4635-bcdb-4f30-9eb3-ce66975b485b" testListId="8c84fa94-04c1-424b-9868-57a2d4851a1d" />
    <TestEntry testId="95fc77d0-b4fa-d331-f0c6-2df324ff163a" executionId="fd34936d-3599-474f-a3ba-162610fced0a" testListId="8c84fa94-04c1-424b-9868-57a2d4851a1d" />
    <TestEntry testId="9be689a9-7c18-e9b4-6583-fd2d175e0827" executionId="ad891c40-98a2-4333-bb8f-30c85bee7c29" testListId="8c84fa94-04c1-424b-9868-57a2d4851a1d" />
    <TestEntry testId="9d7ce3ef-7f17-a6cd-3048-24c367acdc29" executionId="491aab0d-9db8-4eba-9317-23021dcba9fb" testListId="8c84fa94-04c1-424b-9868-57a2d4851a1d" />
    <TestEntry testId="aa3a78ac-0648-f256-c670-e431f6385b6f" executionId="2d038a3d-0fa6-4432-8044-6fc2cc1eb2e6" testListId="8c84fa94-04c1-424b-9868-57a2d4851a1d" />
    <TestEntry testId="b3187619-d33c-cf03-a63b-f80f761ae2cc" executionId="4d332df9-cdac-4a02-adc1-cd9c74202aa8" testListId="8c84fa94-04c1-424b-9868-57a2d4851a1d" />
    <TestEntry testId="b4a11777-b4fb-ab62-177f-71796b5cfcb5" executionId="f235f2a4-d38a-4861-92e4-43348645c111" testListId="8c84fa94-04c1-424b-9868-57a2d4851a1d" />
    <TestEntry testId="bc7c2973-70c2-7d8e-2a94-e3623ae0f217" executionId="facfc8e7-2624-495a-aa35-df08cc7ad4ca" testListId="8c84fa94-04c1-424b-9868-57a2d4851a1d" />
    <TestEntry testId="be7bcd70-a5bf-1762-761b-affe1cc141a1" executionId="119b2ac8-d7e8-4d83-9fff-5450e5809c32" testListId="8c84fa94-04c1-424b-9868-57a2d4851a1d" />
    <TestEntry testId="c56016bf-aecb-c4e5-dff8-64ee84a7a2fc" executionId="bfa0668f-2407-4fb7-846b-1f28992e70c4" testListId="8c84fa94-04c1-424b-9868-57a2d4851a1d" />
    <TestEntry testId="da08eff5-3c25-929c-4b85-c7f90857ef0a" executionId="1504aac7-3e22-4447-9777-be67f6c9313f" testListId="8c84fa94-04c1-424b-9868-57a2d4851a1d" />
    <TestEntry testId="de3eba91-9142-ae92-71e7-a0b12b643760" executionId="5cadcb80-3d2e-4eb6-92e3-c71c374f95e6" testListId="8c84fa94-04c1-424b-9868-57a2d4851a1d" />
    <TestEntry testId="e836ab81-dd67-5300-249c-d7748cc04eb3" executionId="d303d0f4-21bf-44db-9e65-776ebe9f23b0" testListId="8c84fa94-04c1-424b-9868-57a2d4851a1d" />
    <TestEntry testId="ec1ad126-00b5-99f5-d9cf-d01acf6f658d" executionId="d1240ef6-d1e2-4b9e-b910-7e3a7ce47f68" testListId="8c84fa94-04c1-424b-9868-57a2d4851a1d" />
    <TestEntry testId="f1a0d255-0c61-cfee-ec58-91993a16ce5b" executionId="502adab6-5c3b-467a-aab9-2a93ed502af6" testListId="8c84fa94-04c1-424b-9868-57a2d4851a1d" />
  </TestEntries>
  <Results>
    <UnitTestResult executionId="11d9b93c-b072-4901-8fa2-687d06c5e9a9" testId="09e4d43b-2f83-86ac-6f1b-70381c9c9a71" testName="Cycles3Test" computerName="ARTAK-PC" duration="00:00:00.1880108" startTime="2012-06-03T14:18:06.3216205+05:00" endTime="2012-06-03T14:18:06.5096313+05:00" testType="13cdc9d9-ddb5-4fa4-a97d-d965ccfc6d4b" outcome="Timeout" testListId="8c84fa94-04c1-424b-9868-57a2d4851a1d" relativeResultsDirectory="11d9b93c-b072-4901-8fa2-687d06c5e9a9">
      <Output>
        <ErrorInfo>
          <Message>Test 'Cycles3Test' exceeded execution timeout period.</Message>
        </ErrorInfo>
      </Output>
    </UnitTestResult>
    <UnitTestResult executionId="ae30b433-cec9-4961-b6c1-f5434ccd02f8" testId="10236cba-9b57-dfe0-f372-5bdd2158aba9" testName="AveragePathTest" computerName="ARTAK-PC" duration="00:00:00.0080331" startTime="2012-06-03T14:18:06.5126314+05:00" endTime="2012-06-03T14:18:06.5236321+05:00" testType="13cdc9d9-ddb5-4fa4-a97d-d965ccfc6d4b" outcome="Failed" testListId="8c84fa94-04c1-424b-9868-57a2d4851a1d" relativeResultsDirectory="ae30b433-cec9-4961-b6c1-f5434ccd02f8">
      <Output>
        <ErrorInfo>
          <Message>Assert.AreEqual failed. Expected:&lt;1.5238&gt;. Actual:&lt;2.19047619047619&gt;. </Message>
          <StackTrace>   at ModelsTests.WSModelTest.AveragePathTest() in C:\Users\Artak\Desktop\complexnetwork\trunk\Complex Network\ModelsTests\WSModelTests.cs:line 70
</StackTrace>
        </ErrorInfo>
      </Output>
    </UnitTestResult>
    <UnitTestResult executionId="31d0df05-1d73-4b7f-b1a1-74e42961e9a9" testId="1d3d5e79-fa88-2af3-4d68-29ce0a970817" testName="BACyclesTest" computerName="ARTAK-PC" duration="00:00:00.0032180" startTime="2012-06-03T14:18:06.5246321+05:00" endTime="2012-06-03T14:18:06.5306325+05:00" testType="13cdc9d9-ddb5-4fa4-a97d-d965ccfc6d4b" outcome="Passed" testListId="8c84fa94-04c1-424b-9868-57a2d4851a1d" relativeResultsDirectory="31d0df05-1d73-4b7f-b1a1-74e42961e9a9">
    </UnitTestResult>
    <UnitTestResult executionId="b17b9c6f-4825-4925-92de-332a3a6d4fac" testId="241c850e-1767-20c7-3823-7cdb3a877002" testName="ERMinPathDistTest" computerName="ARTAK-PC" duration="00:00:00.0049931" startTime="2012-06-03T14:18:06.5316325+05:00" endTime="2012-06-03T14:18:06.5386329+05:00" testType="13cdc9d9-ddb5-4fa4-a97d-d965ccfc6d4b" outcome="Passed" testListId="8c84fa94-04c1-424b-9868-57a2d4851a1d" relativeResultsDirectory="b17b9c6f-4825-4925-92de-332a3a6d4fac">
    </UnitTestResult>
    <UnitTestResult executionId="0440e2d4-04ad-4b27-964c-7c3e52ef653c" testId="279e726c-ee8d-0c66-4427-5552d22e7a5f" testName="FullSubGraphTest" computerName="ARTAK-PC" duration="00:00:00.0009054" startTime="2012-06-03T14:18:06.5396330+05:00" endTime="2012-06-03T14:18:06.5426332+05:00" testType="13cdc9d9-ddb5-4fa4-a97d-d965ccfc6d4b" outcome="Passed" testListId="8c84fa94-04c1-424b-9868-57a2d4851a1d" relativeResultsDirectory="0440e2d4-04ad-4b27-964c-7c3e52ef653c">
    </UnitTestResult>
    <UnitTestResult executionId="bcaf4d43-b336-48fe-8b9f-1573b0f99572" testId="36cc869a-4de0-8973-837e-295f29c8dc78" testName="BADistEigenPathTest" computerName="ARTAK-PC" duration="00:00:00.0012430" startTime="2012-06-03T14:18:06.5436332+05:00" endTime="2012-06-03T14:18:06.5466334+05:00" testType="13cdc9d9-ddb5-4fa4-a97d-d965ccfc6d4b" outcome="Passed" testListId="8c84fa94-04c1-424b-9868-57a2d4851a1d" relativeResultsDirectory="bcaf4d43-b336-48fe-8b9f-1573b0f99572">
    </UnitTestResult>
    <UnitTestResult executionId="2871631c-987f-4546-9b72-84d9075105a9" testId="3f376ebd-9216-9dd2-7561-8164ec7518ba" testName="ERCycles3Test" computerName="ARTAK-PC" duration="00:00:00.0009984" startTime="2012-06-03T14:18:06.5476334+05:00" endTime="2012-06-03T14:18:06.5506336+05:00" testType="13cdc9d9-ddb5-4fa4-a97d-d965ccfc6d4b" outcome="Passed" testListId="8c84fa94-04c1-424b-9868-57a2d4851a1d" relativeResultsDirectory="2871631c-987f-4546-9b72-84d9075105a9">
    </UnitTestResult>
    <UnitTestResult executionId="9c3c0f36-5ab1-4ee2-8837-309884e01b3b" testId="3f6ee0d3-3570-2b7e-4bab-37a89495a94e" testName="EigenValueTest" computerName="ARTAK-PC" duration="00:00:00.0016355" startTime="2012-06-03T14:18:06.5506336+05:00" endTime="2012-06-03T14:18:06.5546338+05:00" testType="13cdc9d9-ddb5-4fa4-a97d-d965ccfc6d4b" outcome="Failed" testListId="8c84fa94-04c1-424b-9868-57a2d4851a1d" relativeResultsDirectory="9c3c0f36-5ab1-4ee2-8837-309884e01b3b">
      <Output>
        <ErrorInfo>
          <Message>Assert.IsTrue failed. </Message>
          <StackTrace>   at ModelsTests.WSModelTest.EigenValueTest() in C:\Users\Artak\Desktop\complexnetwork\trunk\Complex Network\ModelsTests\WSModelTests.cs:line 256
</StackTrace>
        </ErrorInfo>
      </Output>
    </UnitTestResult>
    <UnitTestResult executionId="8926ee91-9fe4-437f-a181-9c7d1ddee10b" testId="4786793d-692a-fc8b-6e30-86a5570e82b7" testName="ERCycles4Test" computerName="ARTAK-PC" duration="00:00:00.0013969" startTime="2012-06-03T14:18:06.5556339+05:00" endTime="2012-06-03T14:18:06.5606342+05:00" testType="13cdc9d9-ddb5-4fa4-a97d-d965ccfc6d4b" outcome="Passed" testListId="8c84fa94-04c1-424b-9868-57a2d4851a1d" relativeResultsDirectory="8926ee91-9fe4-437f-a181-9c7d1ddee10b">
    </UnitTestResult>
    <UnitTestResult executionId="fc1b3738-fbde-4752-840c-63776fd0e236" testId="490b5308-3b85-07ed-c42b-c14e2d465265" testName="ERCyclesTest" computerName="ARTAK-PC" duration="00:00:00.0007695" startTime="2012-06-03T14:18:06.5616342+05:00" endTime="2012-06-03T14:18:06.5646344+05:00" testType="13cdc9d9-ddb5-4fa4-a97d-d965ccfc6d4b" outcome="Passed" testListId="8c84fa94-04c1-424b-9868-57a2d4851a1d" relativeResultsDirectory="fc1b3738-fbde-4752-840c-63776fd0e236">
    </UnitTestResult>
    <UnitTestResult executionId="118de6e0-2502-4bd0-9375-069b9f6c1263" testId="4d5520e0-f64f-3d1c-bed2-44b4d9347d22" testName="Cycles4Test" computerName="ARTAK-PC" duration="00:00:00.0007593" startTime="2012-06-03T14:18:06.5656345+05:00" endTime="2012-06-03T14:18:06.5686346+05:00" testType="13cdc9d9-ddb5-4fa4-a97d-d965ccfc6d4b" outcome="Passed" testListId="8c84fa94-04c1-424b-9868-57a2d4851a1d" relativeResultsDirectory="118de6e0-2502-4bd0-9375-069b9f6c1263">
    </UnitTestResult>
    <UnitTestResult executionId="8f69374f-49da-4064-956c-99cd495a1631" testId="4f18a51e-7135-51c7-cdfd-e029c9ebd5a5" testName="BAMinPathDistTest" computerName="ARTAK-PC" duration="00:00:00.0036018" startTime="2012-06-03T14:18:06.5686346+05:00" endTime="2012-06-03T14:18:06.5746350+05:00" testType="13cdc9d9-ddb5-4fa4-a97d-d965ccfc6d4b" outcome="Failed" testListId="8c84fa94-04c1-424b-9868-57a2d4851a1d" relativeResultsDirectory="8f69374f-49da-4064-956c-99cd495a1631">
      <Output>
        <ErrorInfo>
          <Message>Assert.IsTrue failed. </Message>
          <StackTrace>   at ModelsTests.BAModelTest.BAMinPathDistTest() in C:\Users\Artak\Desktop\complexnetwork\trunk\Complex Network\ModelsTests\BAModelTests.cs:line 189
</StackTrace>
        </ErrorInfo>
      </Output>
    </UnitTestResult>
    <UnitTestResult executionId="d1c1c445-6518-4ba6-a203-b6681c2344a7" testId="529ca51b-424a-1e19-e041-295f6fe62ce4" testName="BAAveragePathTest" computerName="ARTAK-PC" duration="00:00:00.0016716" startTime="2012-06-03T14:18:06.5756350+05:00" endTime="2012-06-03T14:18:06.5796353+05:00" testType="13cdc9d9-ddb5-4fa4-a97d-d965ccfc6d4b" outcome="Passed" testListId="8c84fa94-04c1-424b-9868-57a2d4851a1d" relativeResultsDirectory="d1c1c445-6518-4ba6-a203-b6681c2344a7">
    </UnitTestResult>
    <UnitTestResult executionId="dc9b7b06-a3ed-430e-8109-0f5f3b165d76" testId="769547a9-708d-428b-1b69-59e0a34bd815" testName="ERFullSubGraphTest" computerName="ARTAK-PC" duration="00:00:00.0007494" startTime="2012-06-03T14:18:06.5806353+05:00" endTime="2012-06-03T14:18:06.5836355+05:00" testType="13cdc9d9-ddb5-4fa4-a97d-d965ccfc6d4b" outcome="Passed" testListId="8c84fa94-04c1-424b-9868-57a2d4851a1d" relativeResultsDirectory="dc9b7b06-a3ed-430e-8109-0f5f3b165d76">
    </UnitTestResult>
    <UnitTestResult executionId="5dc75b99-2a9f-4178-8e73-dd5fd506a096" testId="78ca188d-ecbf-30aa-4302-e4849a978d18" testName="BAFullSubGraphTest" computerName="ARTAK-PC" duration="00:00:00.0011647" startTime="2012-06-03T14:18:06.5846356+05:00" endTime="2012-06-03T14:18:06.5886358+05:00" testType="13cdc9d9-ddb5-4fa4-a97d-d965ccfc6d4b" outcome="Passed" testListId="8c84fa94-04c1-424b-9868-57a2d4851a1d" relativeResultsDirectory="5dc75b99-2a9f-4178-8e73-dd5fd506a096">
    </UnitTestResult>
    <UnitTestResult executionId="a3dbe189-ed13-4658-8625-9290b168345e" testId="895a8e04-2717-39d0-137f-e866ab032d58" testName="MinPathDistTest" computerName="ARTAK-PC" duration="00:00:00.0029464" startTime="2012-06-03T14:18:06.5896358+05:00" endTime="2012-06-03T14:18:06.5946361+05:00" testType="13cdc9d9-ddb5-4fa4-a97d-d965ccfc6d4b" outcome="Failed" testListId="8c84fa94-04c1-424b-9868-57a2d4851a1d" relativeResultsDirectory="a3dbe189-ed13-4658-8625-9290b168345e">
      <Output>
        <ErrorInfo>
          <Message>Test method ModelsTests.WSModelTest.MinPathDistTest threw exception: 
System.ArgumentNullException: Value cannot be null.
Parameter name: first</Message>
          <StackTrace>    at System.Linq.Enumerable.SequenceEqual[TSource](IEnumerable`1 first, IEnumerable`1 second, IEqualityComparer`1 comparer)
   at System.Linq.Enumerable.SequenceEqual[TSource](IEnumerable`1 first, IEnumerable`1 second)
   at ModelsTests.WSModelTest.compare(SortedDictionary`2 a, SortedDictionary`2 b) in C:\Users\Artak\Desktop\complexnetwork\trunk\Complex Network\ModelsTests\WSModelTests.cs:line 27
   at ModelsTests.WSModelTest.MinPathDistTest() in C:\Users\Artak\Desktop\complexnetwork\trunk\Complex Network\ModelsTests\WSModelTests.cs:line 189
</StackTrace>
        </ErrorInfo>
      </Output>
    </UnitTestResult>
    <UnitTestResult executionId="83e5f82c-2541-47c6-bd11-35a0c533c588" testId="8afb1dd9-d132-f512-1490-26f7fc0202e0" testName="BAEigenValueTest" computerName="ARTAK-PC" duration="00:00:00.0012873" startTime="2012-06-03T14:18:06.5956362+05:00" endTime="2012-06-03T14:18:06.5986364+05:00" testType="13cdc9d9-ddb5-4fa4-a97d-d965ccfc6d4b" outcome="Passed" testListId="8c84fa94-04c1-424b-9868-57a2d4851a1d" relativeResultsDirectory="83e5f82c-2541-47c6-bd11-35a0c533c588">
    </UnitTestResult>
    <UnitTestResult executionId="187a4635-bcdb-4f30-9eb3-ce66975b485b" testId="8c043ffa-8e32-7c78-0198-205244a44069" testName="ERAveragePathTest" computerName="ARTAK-PC" duration="00:00:00.0008563" startTime="2012-06-03T14:18:06.5996364+05:00" endTime="2012-06-03T14:18:06.6026366+05:00" testType="13cdc9d9-ddb5-4fa4-a97d-d965ccfc6d4b" outcome="Passed" testListId="8c84fa94-04c1-424b-9868-57a2d4851a1d" relativeResultsDirectory="187a4635-bcdb-4f30-9eb3-ce66975b485b">
    </UnitTestResult>
    <UnitTestResult executionId="fd34936d-3599-474f-a3ba-162610fced0a" testId="95fc77d0-b4fa-d331-f0c6-2df324ff163a" testName="CyclesTest" computerName="ARTAK-PC" duration="00:00:00.0007969" startTime="2012-06-03T14:18:06.6036366+05:00" endTime="2012-06-03T14:18:06.6066368+05:00" testType="13cdc9d9-ddb5-4fa4-a97d-d965ccfc6d4b" outcome="Passed" testListId="8c84fa94-04c1-424b-9868-57a2d4851a1d" relativeResultsDirectory="fd34936d-3599-474f-a3ba-162610fced0a">
    </UnitTestResult>
    <UnitTestResult executionId="ad891c40-98a2-4333-bb8f-30c85bee7c29" testId="9be689a9-7c18-e9b4-6583-fd2d175e0827" testName="ERDistEigenPathTest" computerName="ARTAK-PC" duration="00:00:00.0119470" startTime="2012-06-03T14:18:06.6066368+05:00" endTime="2012-06-03T14:18:06.6206376+05:00" testType="13cdc9d9-ddb5-4fa4-a97d-d965ccfc6d4b" outcome="Passed" testListId="8c84fa94-04c1-424b-9868-57a2d4851a1d" relativeResultsDirectory="ad891c40-98a2-4333-bb8f-30c85bee7c29">
    </UnitTestResult>
    <UnitTestResult executionId="491aab0d-9db8-4eba-9317-23021dcba9fb" testId="9d7ce3ef-7f17-a6cd-3048-24c367acdc29" testName="BACycles3Test" computerName="ARTAK-PC" duration="00:00:00.0017831" startTime="2012-06-03T14:18:06.6216377+05:00" endTime="2012-06-03T14:18:06.6256379+05:00" testType="13cdc9d9-ddb5-4fa4-a97d-d965ccfc6d4b" outcome="Passed" testListId="8c84fa94-04c1-424b-9868-57a2d4851a1d" relativeResultsDirectory="491aab0d-9db8-4eba-9317-23021dcba9fb">
    </UnitTestResult>
    <UnitTestResult executionId="2d038a3d-0fa6-4432-8044-6fc2cc1eb2e6" testId="aa3a78ac-0648-f256-c670-e431f6385b6f" testName="ClusteringCoefficientTest" computerName="ARTAK-PC" duration="00:00:00.0016497" startTime="2012-06-03T14:18:06.6266380+05:00" endTime="2012-06-03T14:18:06.6296381+05:00" testType="13cdc9d9-ddb5-4fa4-a97d-d965ccfc6d4b" outcome="Failed" testListId="8c84fa94-04c1-424b-9868-57a2d4851a1d" relativeResultsDirectory="2d038a3d-0fa6-4432-8044-6fc2cc1eb2e6">
      <Output>
        <ErrorInfo>
          <Message>Test method ModelsTests.WSModelTest.ClusteringCoefficientTest threw exception: 
System.ArgumentNullException: Value cannot be null.
Parameter name: first</Message>
          <StackTrace>    at System.Linq.Enumerable.SequenceEqual[TSource](IEnumerable`1 first, IEnumerable`1 second, IEqualityComparer`1 comparer)
   at System.Linq.Enumerable.SequenceEqual[TSource](IEnumerable`1 first, IEnumerable`1 second)
   at ModelsTests.WSModelTest.compare(SortedDictionary`2 a, SortedDictionary`2 b) in C:\Users\Artak\Desktop\complexnetwork\trunk\Complex Network\ModelsTests\WSModelTests.cs:line 32
   at ModelsTests.WSModelTest.ClusteringCoefficientTest() in C:\Users\Artak\Desktop\complexnetwork\trunk\Complex Network\ModelsTests\WSModelTests.cs:line 87
</StackTrace>
        </ErrorInfo>
      </Output>
    </UnitTestResult>
    <UnitTestResult executionId="4d332df9-cdac-4a02-adc1-cd9c74202aa8" testId="b3187619-d33c-cf03-a63b-f80f761ae2cc" testName="ERClusteringCoefficientTest" computerName="ARTAK-PC" duration="00:00:00.0012370" startTime="2012-06-03T14:18:06.6306382+05:00" endTime="2012-06-03T14:18:06.6346384+05:00" testType="13cdc9d9-ddb5-4fa4-a97d-d965ccfc6d4b" outcome="Passed" testListId="8c84fa94-04c1-424b-9868-57a2d4851a1d" relativeResultsDirectory="4d332df9-cdac-4a02-adc1-cd9c74202aa8">
    </UnitTestResult>
    <UnitTestResult executionId="f235f2a4-d38a-4861-92e4-43348645c111" testId="b4a11777-b4fb-ab62-177f-71796b5cfcb5" testName="DistEigenPathTest" computerName="ARTAK-PC" duration="00:00:00.0014873" startTime="2012-06-03T14:18:06.6356385+05:00" endTime="2012-06-03T14:18:06.6396387+05:00" testType="13cdc9d9-ddb5-4fa4-a97d-d965ccfc6d4b" outcome="Failed" testListId="8c84fa94-04c1-424b-9868-57a2d4851a1d" relativeResultsDirectory="f235f2a4-d38a-4861-92e4-43348645c111">
      <Output>
        <ErrorInfo>
          <Message>Assert.IsTrue failed. </Message>
          <StackTrace>   at ModelsTests.WSModelTest.DistEigenPathTest() in C:\Users\Artak\Desktop\complexnetwork\trunk\Complex Network\ModelsTests\WSModelTests.cs:line 206
</StackTrace>
        </ErrorInfo>
      </Output>
    </UnitTestResult>
    <UnitTestResult executionId="facfc8e7-2624-495a-aa35-df08cc7ad4ca" testId="bc7c2973-70c2-7d8e-2a94-e3623ae0f217" testName="ERDegreeDistributionTest" computerName="ARTAK-PC" duration="00:00:00.0010719" startTime="2012-06-03T14:18:06.6396387+05:00" endTime="2012-06-03T14:18:06.6436389+05:00" testType="13cdc9d9-ddb5-4fa4-a97d-d965ccfc6d4b" outcome="Passed" testListId="8c84fa94-04c1-424b-9868-57a2d4851a1d" relativeResultsDirectory="facfc8e7-2624-495a-aa35-df08cc7ad4ca">
    </UnitTestResult>
    <UnitTestResult executionId="119b2ac8-d7e8-4d83-9fff-5450e5809c32" testId="be7bcd70-a5bf-1762-761b-affe1cc141a1" testName="BACycles4Test" computerName="ARTAK-PC" duration="00:00:00.0011765" startTime="2012-06-03T14:18:06.6436389+05:00" endTime="2012-06-03T14:18:06.6476392+05:00" testType="13cdc9d9-ddb5-4fa4-a97d-d965ccfc6d4b" outcome="Passed" testListId="8c84fa94-04c1-424b-9868-57a2d4851a1d" relativeResultsDirectory="119b2ac8-d7e8-4d83-9fff-5450e5809c32">
    </UnitTestResult>
    <UnitTestResult executionId="bfa0668f-2407-4fb7-846b-1f28992e70c4" testId="c56016bf-aecb-c4e5-dff8-64ee84a7a2fc" testName="BAClusteringCoefficientTest" computerName="ARTAK-PC" duration="00:00:00.0022310" startTime="2012-06-03T14:18:06.6476392+05:00" endTime="2012-06-03T14:18:06.6526394+05:00" testType="13cdc9d9-ddb5-4fa4-a97d-d965ccfc6d4b" outcome="Passed" testListId="8c84fa94-04c1-424b-9868-57a2d4851a1d" relativeResultsDirectory="bfa0668f-2407-4fb7-846b-1f28992e70c4">
    </UnitTestResult>
    <UnitTestResult executionId="1504aac7-3e22-4447-9777-be67f6c9313f" testId="da08eff5-3c25-929c-4b85-c7f90857ef0a" testName="EREigenValueTest" computerName="ARTAK-PC" duration="00:00:00.0009436" startTime="2012-06-03T14:18:06.6526394+05:00" endTime="2012-06-03T14:18:06.6556396+05:00" testType="13cdc9d9-ddb5-4fa4-a97d-d965ccfc6d4b" outcome="Passed" testListId="8c84fa94-04c1-424b-9868-57a2d4851a1d" relativeResultsDirectory="1504aac7-3e22-4447-9777-be67f6c9313f">
    </UnitTestResult>
    <UnitTestResult executionId="5cadcb80-3d2e-4eb6-92e3-c71c374f95e6" testId="de3eba91-9142-ae92-71e7-a0b12b643760" testName="BADegreeDistributionTest" computerName="ARTAK-PC" duration="00:00:00.0013578" startTime="2012-06-03T14:18:06.6566397+05:00" endTime="2012-06-03T14:18:06.6606399+05:00" testType="13cdc9d9-ddb5-4fa4-a97d-d965ccfc6d4b" outcome="Passed" testListId="8c84fa94-04c1-424b-9868-57a2d4851a1d" relativeResultsDirectory="5cadcb80-3d2e-4eb6-92e3-c71c374f95e6">
    </UnitTestResult>
    <UnitTestResult executionId="d303d0f4-21bf-44db-9e65-776ebe9f23b0" testId="e836ab81-dd67-5300-249c-d7748cc04eb3" testName="BADiameterTest" computerName="ARTAK-PC" duration="00:00:00.0017412" startTime="2012-06-03T14:18:06.6606399+05:00" endTime="2012-06-03T14:18:06.6646401+05:00" testType="13cdc9d9-ddb5-4fa4-a97d-d965ccfc6d4b" outcome="Passed" testListId="8c84fa94-04c1-424b-9868-57a2d4851a1d" relativeResultsDirectory="d303d0f4-21bf-44db-9e65-776ebe9f23b0">
    </UnitTestResult>
    <UnitTestResult executionId="d1240ef6-d1e2-4b9e-b910-7e3a7ce47f68" testId="ec1ad126-00b5-99f5-d9cf-d01acf6f658d" testName="BAMotivesTest" computerName="ARTAK-PC" duration="00:00:00.0057271" startTime="2012-06-03T14:18:06.6656402+05:00" endTime="2012-06-03T14:18:06.6736406+05:00" testType="13cdc9d9-ddb5-4fa4-a97d-d965ccfc6d4b" outcome="Failed" testListId="8c84fa94-04c1-424b-9868-57a2d4851a1d" relativeResultsDirectory="d1240ef6-d1e2-4b9e-b910-7e3a7ce47f68">
      <Output>
        <ErrorInfo>
          <Message>Test method ModelsTests.BAModelTest.BAMotivesTest threw exception: 
System.Exception: The directory you are trying to access does not exist</Message>
          <StackTrace>    at Motifs.MotifFinder.PreloadMotifSamples(String path, Int32 size) in C:\Users\Artak\Desktop\complexnetwork\trunk\Complex Network\BAModel\Model\Realization\Motifs\MotifFinder.cs:line 30
   at Motifs.MotifFinder.SearchMotifs(Graph network, Int32 motifSize) in C:\Users\Artak\Desktop\complexnetwork\trunk\Complex Network\BAModel\Model\Realization\Motifs\MotifFinder.cs:line 53
   at Model.BAModel.Realization.BAAnalyzer.GetMotif(Int32 minMotiv, Int32 maxMotiv) in C:\Users\Artak\Desktop\complexnetwork\trunk\Complex Network\BAModel\Model\Realization\BAAnalyzer.cs:line 388
   at ModelsTests.BAModelTest.BAMotivesTest() in C:\Users\Artak\Desktop\complexnetwork\trunk\Complex Network\ModelsTests\BAModelTests.cs:line 221
</StackTrace>
        </ErrorInfo>
      </Output>
    </UnitTestResult>
    <UnitTestResult executionId="502adab6-5c3b-467a-aab9-2a93ed502af6" testId="f1a0d255-0c61-cfee-ec58-91993a16ce5b" testName="DegreeDistributionTest" computerName="ARTAK-PC" duration="00:00:00.0015605" startTime="2012-06-03T14:18:06.6736406+05:00" endTime="2012-06-03T14:18:06.6776409+05:00" testType="13cdc9d9-ddb5-4fa4-a97d-d965ccfc6d4b" outcome="Failed" testListId="8c84fa94-04c1-424b-9868-57a2d4851a1d" relativeResultsDirectory="502adab6-5c3b-467a-aab9-2a93ed502af6">
      <Output>
        <ErrorInfo>
          <Message>Test method ModelsTests.WSModelTest.DegreeDistributionTest threw exception: 
System.ArgumentNullException: Value cannot be null.
Parameter name: first</Message>
          <StackTrace>    at System.Linq.Enumerable.SequenceEqual[TSource](IEnumerable`1 first, IEnumerable`1 second, IEqualityComparer`1 comparer)
   at System.Linq.Enumerable.SequenceEqual[TSource](IEnumerable`1 first, IEnumerable`1 second)
   at ModelsTests.WSModelTest.compare(SortedDictionary`2 a, SortedDictionary`2 b) in C:\Users\Artak\Desktop\complexnetwork\trunk\Complex Network\ModelsTests\WSModelTests.cs:line 27
   at ModelsTests.WSModelTest.DegreeDistributionTest() in C:\Users\Artak\Desktop\complexnetwork\trunk\Complex Network\ModelsTests\WSModelTests.cs:line 104
</StackTrace>
        </ErrorInfo>
      </Output>
    </UnitTestResult>
  </Results>
</TestRun>