<?xml version="1.0" encoding="UTF-8"?>
<TestRun id="2443f03f-96e8-463d-adef-4c131eccca5b" name="Artak@ARTAK-PC 2012-06-05 22:23:40" runUser="Artak-PC\Artak" xmlns="http://microsoft.com/schemas/VisualStudio/TeamTest/2010">
  <TestSettings name="Local" id="06365d4d-a667-4a97-a950-eae68da8409b">
    <Description>These are default test settings for a local test run.</Description>
    <Deployment userDeploymentRoot="C:\Users\Artak\Desktop\complexnetwork\trunk\Complex Network\TestResults" useDefaultDeploymentRoot="false" runDeploymentRoot="Artak_ARTAK-PC 2012-06-05 22_23_40">
      <DeploymentItem filename="C:\Users\Artak\Desktop\complexnetwork\trunk\Complex Network\ResultStorage\bin\Debug\ResultStorage.dll" />
      <DeploymentItem filename="C:\Users\Artak\Desktop\complexnetwork\trunk\Complex Network\libs\log4net.dll" />
      <DeploymentItem filename="C:\Users\Artak\Desktop\complexnetwork\trunk\Complex Network\RandomGraphLauncher\bin\Debug\Models\ERmodel.dll" />
      <DeploymentItem filename="C:\Users\Artak\Desktop\complexnetwork\trunk\Complex Network\CommonLibrary\bin\Debug\CommonLibrary.dll" />
      <DeploymentItem filename="C:\Users\Artak\Desktop\complexnetwork\trunk\Complex Network\RandomGraphLauncher\bin\Debug\Models\WSModel.dll" />
      <DeploymentItem filename="C:\Users\Artak\Desktop\complexnetwork\trunk\Complex Network\GenericAlgorithms\bin\Debug\GenericAlgorithms.dll" />
      <DeploymentItem filename="C:\Users\Artak\Desktop\complexnetwork\trunk\Complex Network\RandomGraphLauncher\bin\Debug\Models\BAModel.dll" />
      <DeploymentItem filename="C:\Users\Artak\Desktop\complexnetwork\trunk\Complex Network\RandomGraphLauncher\bin\Debug\Models\HierarchicModel.dll" />
    </Deployment>
    <Execution>
      <TestTypeSpecific>
        <UnitTestRunConfig testTypeId="13cdc9d9-ddb5-4fa4-a97d-d965ccfc6d4b">
          <AssemblyResolution>
            <TestDirectory useLoadContext="true" />
          </AssemblyResolution>
        </UnitTestRunConfig>
        <WebTestRunConfiguration testTypeId="4e7599fa-5ecb-43e9-a887-cd63cf72d207">
          <Browser name="Internet Explorer 7.0">
            <Headers>
              <Header name="User-Agent" value="Mozilla/4.0 (compatible; MSIE 7.0; Windows NT 5.1)" />
              <Header name="Accept" value="*/*" />
              <Header name="Accept-Language" value="{{$IEAcceptLanguage}}" />
              <Header name="Accept-Encoding" value="GZIP" />
            </Headers>
          </Browser>
        </WebTestRunConfiguration>
      </TestTypeSpecific>
      <AgentRule name="LocalMachineDefaultRole">
      </AgentRule>
    </Execution>
  </TestSettings>
  <Times creation="2012-06-05T22:23:40.8737954+05:00" queuing="2012-06-05T22:23:40.9848017+05:00" start="2012-06-05T22:23:40.9898020+05:00" finish="2012-06-05T22:23:41.2738183+05:00" />
  <ResultSummary outcome="Failed">
    <Counters total="8" executed="8" error="0" failed="8" timeout="0" aborted="0" inconclusive="0" passedButRunAborted="0" notRunnable="0" notExecuted="0" disconnected="0" warning="0" passed="0" completed="0" inProgress="0" pending="0" />
  </ResultSummary>
  <TestDefinitions>
    <UnitTest name="ClusteringCoefficientTest" storage="c:\users\artak\desktop\complexnetwork\trunk\complex network\modelstests\bin\debug\modelstests.dll" id="aa3a78ac-0648-f256-c670-e431f6385b6f">
      <Execution timeOut="100" id="aa62b4bc-b038-4195-b835-9f3e9041cebc" />
      <DeploymentItems>
        <DeploymentItem filename="WSModelTestData//WSInput.txt" />
        <DeploymentItem filename="WSModelTestData//WSOutput.xml" />
      </DeploymentItems>
      <TestMethod codeBase="C:/Users/Artak/Desktop/complexnetwork/trunk/Complex Network/ModelsTests/bin/Debug/ModelsTests.DLL" adapterTypeName="Microsoft.VisualStudio.TestTools.TestTypes.Unit.UnitTestAdapter, Microsoft.VisualStudio.QualityTools.Tips.UnitTest.Adapter, Version=10.0.0.0, Culture=neutral, PublicKeyToken=b03f5f7f11d50a3a" className="ModelsTests.WSModelTest, ModelsTests, Version=1.0.0.0, Culture=neutral, PublicKeyToken=null" name="ClusteringCoefficientTest" />
    </UnitTest>
    <UnitTest name="EigenValueTest" storage="c:\users\artak\desktop\complexnetwork\trunk\complex network\modelstests\bin\debug\modelstests.dll" id="3f6ee0d3-3570-2b7e-4bab-37a89495a94e">
      <Execution timeOut="100" id="f903f9c4-adbf-4c91-a759-f0ecad5c082e" />
      <DeploymentItems>
        <DeploymentItem filename="WSModelTestData//WSInput.txt" />
        <DeploymentItem filename="WSModelTestData//WSOutput.xml" />
      </DeploymentItems>
      <TestMethod codeBase="C:/Users/Artak/Desktop/complexnetwork/trunk/Complex Network/ModelsTests/bin/Debug/ModelsTests.DLL" adapterTypeName="Microsoft.VisualStudio.TestTools.TestTypes.Unit.UnitTestAdapter, Microsoft.VisualStudio.QualityTools.Tips.UnitTest.Adapter, Version=10.0.0.0, Culture=neutral, PublicKeyToken=b03f5f7f11d50a3a" className="ModelsTests.WSModelTest, ModelsTests, Version=1.0.0.0, Culture=neutral, PublicKeyToken=null" name="EigenValueTest" />
    </UnitTest>
    <UnitTest name="MinPathDistTest" storage="c:\users\artak\desktop\complexnetwork\trunk\complex network\modelstests\bin\debug\modelstests.dll" id="895a8e04-2717-39d0-137f-e866ab032d58">
      <Execution timeOut="100" id="fb95dd7a-8e80-4763-9fcc-f441ffe8a26d" />
      <DeploymentItems>
        <DeploymentItem filename="WSModelTestData//WSInput.txt" />
        <DeploymentItem filename="WSModelTestData//WSOutput.xml" />
      </DeploymentItems>
      <TestMethod codeBase="C:/Users/Artak/Desktop/complexnetwork/trunk/Complex Network/ModelsTests/bin/Debug/ModelsTests.DLL" adapterTypeName="Microsoft.VisualStudio.TestTools.TestTypes.Unit.UnitTestAdapter, Microsoft.VisualStudio.QualityTools.Tips.UnitTest.Adapter, Version=10.0.0.0, Culture=neutral, PublicKeyToken=b03f5f7f11d50a3a" className="ModelsTests.WSModelTest, ModelsTests, Version=1.0.0.0, Culture=neutral, PublicKeyToken=null" name="MinPathDistTest" />
    </UnitTest>
    <UnitTest name="DegreeDistributionTest" storage="c:\users\artak\desktop\complexnetwork\trunk\complex network\modelstests\bin\debug\modelstests.dll" id="f1a0d255-0c61-cfee-ec58-91993a16ce5b">
      <Execution timeOut="100" id="7cef584c-dbe5-4dcc-b943-cbd435d5ee88" />
      <DeploymentItems>
        <DeploymentItem filename="WSModelTestData//WSInput.txt" />
        <DeploymentItem filename="WSModelTestData//WSOutput.xml" />
      </DeploymentItems>
      <TestMethod codeBase="C:/Users/Artak/Desktop/complexnetwork/trunk/Complex Network/ModelsTests/bin/Debug/ModelsTests.DLL" adapterTypeName="Microsoft.VisualStudio.TestTools.TestTypes.Unit.UnitTestAdapter, Microsoft.VisualStudio.QualityTools.Tips.UnitTest.Adapter, Version=10.0.0.0, Culture=neutral, PublicKeyToken=b03f5f7f11d50a3a" className="ModelsTests.WSModelTest, ModelsTests, Version=1.0.0.0, Culture=neutral, PublicKeyToken=null" name="DegreeDistributionTest" />
    </UnitTest>
    <UnitTest name="AveragePathTest" storage="c:\users\artak\desktop\complexnetwork\trunk\complex network\modelstests\bin\debug\modelstests.dll" id="10236cba-9b57-dfe0-f372-5bdd2158aba9">
      <Execution timeOut="100" id="ce1546e3-c4a5-4cb1-a104-7dd83adebdfd" />
      <DeploymentItems>
        <DeploymentItem filename="WSModelTestData//WSInput.txt" />
        <DeploymentItem filename="WSModelTestData//WSOutput.xml" />
      </DeploymentItems>
      <TestMethod codeBase="C:/Users/Artak/Desktop/complexnetwork/trunk/Complex Network/ModelsTests/bin/Debug/ModelsTests.DLL" adapterTypeName="Microsoft.VisualStudio.TestTools.TestTypes.Unit.UnitTestAdapter, Microsoft.VisualStudio.QualityTools.Tips.UnitTest.Adapter, Version=10.0.0.0, Culture=neutral, PublicKeyToken=b03f5f7f11d50a3a" className="ModelsTests.WSModelTest, ModelsTests, Version=1.0.0.0, Culture=neutral, PublicKeyToken=null" name="AveragePathTest" />
    </UnitTest>
    <UnitTest name="DistEigenPathTest" storage="c:\users\artak\desktop\complexnetwork\trunk\complex network\modelstests\bin\debug\modelstests.dll" id="b4a11777-b4fb-ab62-177f-71796b5cfcb5">
      <Execution timeOut="100" id="c11997e6-8250-4209-89da-e47f5b643290" />
      <DeploymentItems>
        <DeploymentItem filename="WSModelTestData//WSInput.txt" />
        <DeploymentItem filename="WSModelTestData//WSOutput.xml" />
      </DeploymentItems>
      <TestMethod codeBase="C:/Users/Artak/Desktop/complexnetwork/trunk/Complex Network/ModelsTests/bin/Debug/ModelsTests.DLL" adapterTypeName="Microsoft.VisualStudio.TestTools.TestTypes.Unit.UnitTestAdapter, Microsoft.VisualStudio.QualityTools.Tips.UnitTest.Adapter, Version=10.0.0.0, Culture=neutral, PublicKeyToken=b03f5f7f11d50a3a" className="ModelsTests.WSModelTest, ModelsTests, Version=1.0.0.0, Culture=neutral, PublicKeyToken=null" name="DistEigenPathTest" />
    </UnitTest>
    <UnitTest name="BAEigenValueTest" storage="c:\users\artak\desktop\complexnetwork\trunk\complex network\modelstests\bin\debug\modelstests.dll" id="8afb1dd9-d132-f512-1490-26f7fc0202e0">
      <Execution timeOut="100000" id="fa2b82df-e2a5-4a5f-9c36-886fe7869fe6" />
      <DeploymentItems>
        <DeploymentItem filename="BAModelTestData//BAInput.txt" />
        <DeploymentItem filename="BAModelTestData//BAOutput.xml" />
      </DeploymentItems>
      <TestMethod codeBase="C:/Users/Artak/Desktop/complexnetwork/trunk/Complex Network/ModelsTests/bin/Debug/ModelsTests.DLL" adapterTypeName="Microsoft.VisualStudio.TestTools.TestTypes.Unit.UnitTestAdapter, Microsoft.VisualStudio.QualityTools.Tips.UnitTest.Adapter, Version=10.0.0.0, Culture=neutral, PublicKeyToken=b03f5f7f11d50a3a" className="ModelsTests.BAModelTest, ModelsTests, Version=1.0.0.0, Culture=neutral, PublicKeyToken=null" name="BAEigenValueTest" />
    </UnitTest>
    <UnitTest name="BAMotivesTest" storage="c:\users\artak\desktop\complexnetwork\trunk\complex network\modelstests\bin\debug\modelstests.dll" id="ec1ad126-00b5-99f5-d9cf-d01acf6f658d">
      <Execution timeOut="100000" id="f2e0e830-e134-4a69-8d00-15f1228a8fc9" />
      <DeploymentItems>
        <DeploymentItem filename="BAModelTestData//BAInput.txt" />
        <DeploymentItem filename="BAModelTestData//BAOutput.xml" />
      </DeploymentItems>
      <TestMethod codeBase="C:/Users/Artak/Desktop/complexnetwork/trunk/Complex Network/ModelsTests/bin/Debug/ModelsTests.DLL" adapterTypeName="Microsoft.VisualStudio.TestTools.TestTypes.Unit.UnitTestAdapter, Microsoft.VisualStudio.QualityTools.Tips.UnitTest.Adapter, Version=10.0.0.0, Culture=neutral, PublicKeyToken=b03f5f7f11d50a3a" className="ModelsTests.BAModelTest, ModelsTests, Version=1.0.0.0, Culture=neutral, PublicKeyToken=null" name="BAMotivesTest" />
    </UnitTest>
  </TestDefinitions>
  <TestLists>
    <TestList name="Results Not in a List" id="8c84fa94-04c1-424b-9868-57a2d4851a1d" />
    <TestList name="All Loaded Results" id="19431567-8539-422a-85d7-44ee4e166bda" />
  </TestLists>
  <TestEntries>
    <TestEntry testId="8afb1dd9-d132-f512-1490-26f7fc0202e0" executionId="fa2b82df-e2a5-4a5f-9c36-886fe7869fe6" testListId="8c84fa94-04c1-424b-9868-57a2d4851a1d" />
    <TestEntry testId="b4a11777-b4fb-ab62-177f-71796b5cfcb5" executionId="c11997e6-8250-4209-89da-e47f5b643290" testListId="8c84fa94-04c1-424b-9868-57a2d4851a1d" />
    <TestEntry testId="aa3a78ac-0648-f256-c670-e431f6385b6f" executionId="aa62b4bc-b038-4195-b835-9f3e9041cebc" testListId="8c84fa94-04c1-424b-9868-57a2d4851a1d" />
    <TestEntry testId="895a8e04-2717-39d0-137f-e866ab032d58" executionId="fb95dd7a-8e80-4763-9fcc-f441ffe8a26d" testListId="8c84fa94-04c1-424b-9868-57a2d4851a1d" />
    <TestEntry testId="10236cba-9b57-dfe0-f372-5bdd2158aba9" executionId="ce1546e3-c4a5-4cb1-a104-7dd83adebdfd" testListId="8c84fa94-04c1-424b-9868-57a2d4851a1d" />
    <TestEntry testId="3f6ee0d3-3570-2b7e-4bab-37a89495a94e" executionId="f903f9c4-adbf-4c91-a759-f0ecad5c082e" testListId="8c84fa94-04c1-424b-9868-57a2d4851a1d" />
    <TestEntry testId="f1a0d255-0c61-cfee-ec58-91993a16ce5b" executionId="7cef584c-dbe5-4dcc-b943-cbd435d5ee88" testListId="8c84fa94-04c1-424b-9868-57a2d4851a1d" />
    <TestEntry testId="ec1ad126-00b5-99f5-d9cf-d01acf6f658d" executionId="f2e0e830-e134-4a69-8d00-15f1228a8fc9" testListId="8c84fa94-04c1-424b-9868-57a2d4851a1d" />
  </TestEntries>
  <Results>
    <UnitTestResult executionId="fa2b82df-e2a5-4a5f-9c36-886fe7869fe6" testId="8afb1dd9-d132-f512-1490-26f7fc0202e0" testName="BAEigenValueTest" computerName="ARTAK-PC" duration="00:00:00.1172020" startTime="2012-06-05T22:23:40.9908021+05:00" endTime="2012-06-05T22:23:41.2118147+05:00" testType="13cdc9d9-ddb5-4fa4-a97d-d965ccfc6d4b" outcome="Failed" testListId="8c84fa94-04c1-424b-9868-57a2d4851a1d" relativeResultsDirectory="fa2b82df-e2a5-4a5f-9c36-886fe7869fe6">
      <Output>
        <ErrorInfo>
          <Message>Test method ModelsTests.BAModelTest.BAEigenValueTest threw exception: 
System.IndexOutOfRangeException: Index was outside the bounds of the array.</Message>
          <StackTrace>    at MathNet.Numerics.LinearAlgebra.EigenvalueDecomposition.SymmetricDiagonalize()
   at MathNet.Numerics.LinearAlgebra.EigenvalueDecomposition..ctor(Matrix Arg)
   at Algorithms.EigenValue.CalcEigenValues(Matrix AdjMatrix) in C:\Users\Artak\Desktop\complexnetwork\trunk\Complex Network\GenericAlgorithms\EigenValue.cs:line 30
   at Algorithms.EigenValue.EV(Boolean[,] ar) in C:\Users\Artak\Desktop\complexnetwork\trunk\Complex Network\GenericAlgorithms\EigenValue.cs:line 58
   at Model.BAModel.Realization.BAAnalyzer.GetEigenValue() in C:\Users\Artak\Desktop\complexnetwork\trunk\Complex Network\BAModel\Model\Realization\BAAnalyzer.cs:line 407
   at ModelsTests.BAModelTest.BAEigenValueTest() in C:\Users\Artak\Desktop\complexnetwork\trunk\Complex Network\ModelsTests\BAModelTests.cs:line 255
</StackTrace>
        </ErrorInfo>
      </Output>
    </UnitTestResult>
    <UnitTestResult executionId="c11997e6-8250-4209-89da-e47f5b643290" testId="b4a11777-b4fb-ab62-177f-71796b5cfcb5" testName="DistEigenPathTest" computerName="ARTAK-PC" duration="00:00:00.0035205" startTime="2012-06-05T22:23:41.2128148+05:00" endTime="2012-06-05T22:23:41.2188151+05:00" testType="13cdc9d9-ddb5-4fa4-a97d-d965ccfc6d4b" outcome="Failed" testListId="8c84fa94-04c1-424b-9868-57a2d4851a1d" relativeResultsDirectory="c11997e6-8250-4209-89da-e47f5b643290">
      <Output>
        <ErrorInfo>
          <Message>Assert.IsTrue failed. </Message>
          <StackTrace>   at ModelsTests.WSModelTest.DistEigenPathTest() in C:\Users\Artak\Desktop\complexnetwork\trunk\Complex Network\ModelsTests\WSModelTests.cs:line 206
</StackTrace>
        </ErrorInfo>
      </Output>
    </UnitTestResult>
    <UnitTestResult executionId="aa62b4bc-b038-4195-b835-9f3e9041cebc" testId="aa3a78ac-0648-f256-c670-e431f6385b6f" testName="ClusteringCoefficientTest" computerName="ARTAK-PC" duration="00:00:00.0016159" startTime="2012-06-05T22:23:41.2188151+05:00" endTime="2012-06-05T22:23:41.2228154+05:00" testType="13cdc9d9-ddb5-4fa4-a97d-d965ccfc6d4b" outcome="Failed" testListId="8c84fa94-04c1-424b-9868-57a2d4851a1d" relativeResultsDirectory="aa62b4bc-b038-4195-b835-9f3e9041cebc">
      <Output>
        <ErrorInfo>
          <Message>Test method ModelsTests.WSModelTest.ClusteringCoefficientTest threw exception: 
System.ArgumentNullException: Value cannot be null.
Parameter name: first</Message>
          <StackTrace>    at System.Linq.Enumerable.SequenceEqual[TSource](IEnumerable`1 first, IEnumerable`1 second, IEqualityComparer`1 comparer)
   at System.Linq.Enumerable.SequenceEqual[TSource](IEnumerable`1 first, IEnumerable`1 second)
   at ModelsTests.WSModelTest.compare(SortedDictionary`2 a, SortedDictionary`2 b) in C:\Users\Artak\Desktop\complexnetwork\trunk\Complex Network\ModelsTests\WSModelTests.cs:line 32
   at ModelsTests.WSModelTest.ClusteringCoefficientTest() in C:\Users\Artak\Desktop\complexnetwork\trunk\Complex Network\ModelsTests\WSModelTests.cs:line 87
</StackTrace>
        </ErrorInfo>
      </Output>
    </UnitTestResult>
    <UnitTestResult executionId="fb95dd7a-8e80-4763-9fcc-f441ffe8a26d" testId="895a8e04-2717-39d0-137f-e866ab032d58" testName="MinPathDistTest" computerName="ARTAK-PC" duration="00:00:00.0017015" startTime="2012-06-05T22:23:41.2238154+05:00" endTime="2012-06-05T22:23:41.2268156+05:00" testType="13cdc9d9-ddb5-4fa4-a97d-d965ccfc6d4b" outcome="Failed" testListId="8c84fa94-04c1-424b-9868-57a2d4851a1d" relativeResultsDirectory="fb95dd7a-8e80-4763-9fcc-f441ffe8a26d">
      <Output>
        <ErrorInfo>
          <Message>Test method ModelsTests.WSModelTest.MinPathDistTest threw exception: 
System.ArgumentNullException: Value cannot be null.
Parameter name: first</Message>
          <StackTrace>    at System.Linq.Enumerable.SequenceEqual[TSource](IEnumerable`1 first, IEnumerable`1 second, IEqualityComparer`1 comparer)
   at System.Linq.Enumerable.SequenceEqual[TSource](IEnumerable`1 first, IEnumerable`1 second)
   at ModelsTests.WSModelTest.compare(SortedDictionary`2 a, SortedDictionary`2 b) in C:\Users\Artak\Desktop\complexnetwork\trunk\Complex Network\ModelsTests\WSModelTests.cs:line 27
   at ModelsTests.WSModelTest.MinPathDistTest() in C:\Users\Artak\Desktop\complexnetwork\trunk\Complex Network\ModelsTests\WSModelTests.cs:line 189
</StackTrace>
        </ErrorInfo>
      </Output>
    </UnitTestResult>
    <UnitTestResult executionId="ce1546e3-c4a5-4cb1-a104-7dd83adebdfd" testId="10236cba-9b57-dfe0-f372-5bdd2158aba9" testName="AveragePathTest" computerName="ARTAK-PC" duration="00:00:00.0048883" startTime="2012-06-05T22:23:41.2278156+05:00" endTime="2012-06-05T22:23:41.2348160+05:00" testType="13cdc9d9-ddb5-4fa4-a97d-d965ccfc6d4b" outcome="Failed" testListId="8c84fa94-04c1-424b-9868-57a2d4851a1d" relativeResultsDirectory="ce1546e3-c4a5-4cb1-a104-7dd83adebdfd">
      <Output>
        <ErrorInfo>
          <Message>Assert.AreEqual failed. Expected:&lt;1.5238&gt;. Actual:&lt;2.19047619047619&gt;. </Message>
          <StackTrace>   at ModelsTests.WSModelTest.AveragePathTest() in C:\Users\Artak\Desktop\complexnetwork\trunk\Complex Network\ModelsTests\WSModelTests.cs:line 70
</StackTrace>
        </ErrorInfo>
      </Output>
    </UnitTestResult>
    <UnitTestResult executionId="f903f9c4-adbf-4c91-a759-f0ecad5c082e" testId="3f6ee0d3-3570-2b7e-4bab-37a89495a94e" testName="EigenValueTest" computerName="ARTAK-PC" duration="00:00:00.0028569" startTime="2012-06-05T22:23:41.2358161+05:00" endTime="2012-06-05T22:23:41.2408164+05:00" testType="13cdc9d9-ddb5-4fa4-a97d-d965ccfc6d4b" outcome="Failed" testListId="8c84fa94-04c1-424b-9868-57a2d4851a1d" relativeResultsDirectory="f903f9c4-adbf-4c91-a759-f0ecad5c082e">
      <Output>
        <ErrorInfo>
          <Message>Test method ModelsTests.WSModelTest.EigenValueTest threw exception: 
System.Collections.Generic.KeyNotFoundException: The given key was not present in the dictionary.</Message>
          <StackTrace>    at System.Collections.Generic.Dictionary`2.get_Item(TKey key)
   at Model.WSModel.Realization.WSContainer.RestoreData(Int32 i, List`1 data, Boolean fromOldMap) in C:\Users\Artak\Desktop\complexnetwork\trunk\Complex Network\WSModel\Model\Realization\WSContainer.cs:line 128
   at Model.WSModel.Realization.WSContainer.getMatrixDict() in C:\Users\Artak\Desktop\complexnetwork\trunk\Complex Network\WSModel\Model\Realization\WSContainer.cs:line 197
   at Model.WSModel.Realization.WSContainer.GetMatrix() in C:\Users\Artak\Desktop\complexnetwork\trunk\Complex Network\WSModel\Model\Realization\WSContainer.cs:line 204
   at Model.WSModel.Realization.WSAnalyzer.GetEigenValue() in C:\Users\Artak\Desktop\complexnetwork\trunk\Complex Network\WSModel\Model\Realization\WSAnalyzer.cs:line 261
   at ModelsTests.WSModelTest.EigenValueTest() in C:\Users\Artak\Desktop\complexnetwork\trunk\Complex Network\ModelsTests\WSModelTests.cs:line 254
</StackTrace>
        </ErrorInfo>
      </Output>
    </UnitTestResult>
    <UnitTestResult executionId="7cef584c-dbe5-4dcc-b943-cbd435d5ee88" testId="f1a0d255-0c61-cfee-ec58-91993a16ce5b" testName="DegreeDistributionTest" computerName="ARTAK-PC" duration="00:00:00.0015804" startTime="2012-06-05T22:23:41.2408164+05:00" endTime="2012-06-05T22:23:41.2448166+05:00" testType="13cdc9d9-ddb5-4fa4-a97d-d965ccfc6d4b" outcome="Failed" testListId="8c84fa94-04c1-424b-9868-57a2d4851a1d" relativeResultsDirectory="7cef584c-dbe5-4dcc-b943-cbd435d5ee88">
      <Output>
        <ErrorInfo>
          <Message>Test method ModelsTests.WSModelTest.DegreeDistributionTest threw exception: 
System.ArgumentNullException: Value cannot be null.
Parameter name: first</Message>
          <StackTrace>    at System.Linq.Enumerable.SequenceEqual[TSource](IEnumerable`1 first, IEnumerable`1 second, IEqualityComparer`1 comparer)
   at System.Linq.Enumerable.SequenceEqual[TSource](IEnumerable`1 first, IEnumerable`1 second)
   at ModelsTests.WSModelTest.compare(SortedDictionary`2 a, SortedDictionary`2 b) in C:\Users\Artak\Desktop\complexnetwork\trunk\Complex Network\ModelsTests\WSModelTests.cs:line 27
   at ModelsTests.WSModelTest.DegreeDistributionTest() in C:\Users\Artak\Desktop\complexnetwork\trunk\Complex Network\ModelsTests\WSModelTests.cs:line 104
</StackTrace>
        </ErrorInfo>
      </Output>
    </UnitTestResult>
    <UnitTestResult executionId="f2e0e830-e134-4a69-8d00-15f1228a8fc9" testId="ec1ad126-00b5-99f5-d9cf-d01acf6f658d" testName="BAMotivesTest" computerName="ARTAK-PC" duration="00:00:00.0057027" startTime="2012-06-05T22:23:41.2458167+05:00" endTime="2012-06-05T22:23:41.2538171+05:00" testType="13cdc9d9-ddb5-4fa4-a97d-d965ccfc6d4b" outcome="Failed" testListId="8c84fa94-04c1-424b-9868-57a2d4851a1d" relativeResultsDirectory="f2e0e830-e134-4a69-8d00-15f1228a8fc9">
      <Output>
        <ErrorInfo>
          <Message>Test method ModelsTests.BAModelTest.BAMotivesTest threw exception: 
System.Exception: The directory you are trying to access does not exist</Message>
          <StackTrace>    at Motifs.MotifFinder.PreloadMotifSamples(String path, Int32 size) in C:\Users\Artak\Desktop\complexnetwork\trunk\Complex Network\BAModel\Model\Realization\Motifs\MotifFinder.cs:line 30
   at Motifs.MotifFinder.SearchMotifs(Graph network, Int32 motifSize) in C:\Users\Artak\Desktop\complexnetwork\trunk\Complex Network\BAModel\Model\Realization\Motifs\MotifFinder.cs:line 53
   at Model.BAModel.Realization.BAAnalyzer.GetMotif(Int32 minMotiv, Int32 maxMotiv) in C:\Users\Artak\Desktop\complexnetwork\trunk\Complex Network\BAModel\Model\Realization\BAAnalyzer.cs:line 389
   at ModelsTests.BAModelTest.BAMotivesTest() in C:\Users\Artak\Desktop\complexnetwork\trunk\Complex Network\ModelsTests\BAModelTests.cs:line 221
</StackTrace>
        </ErrorInfo>
      </Output>
    </UnitTestResult>
  </Results>
</TestRun>